[2024-05-31 00:01:54] [WARN] HikariPool.run:804 - HikariPool-1 - Thread starvation or clock leap detected (housekeeper delta=12m19s440ms).
[2024-05-31 00:28:37] [WARN] HikariPool.run:804 - HikariPool-1 - Thread starvation or clock leap detected (housekeeper delta=26m42s965ms).
[2024-05-31 00:32:24] [WARN] HikariPool.run:804 - HikariPool-1 - Thread starvation or clock leap detected (housekeeper delta=3m46s377ms).
[2024-05-31 00:37:58] [WARN] HikariPool.run:804 - HikariPool-1 - Thread starvation or clock leap detected (housekeeper delta=5m34s778ms).
[2024-05-31 00:45:27] [WARN] HikariPool.run:804 - HikariPool-1 - Thread starvation or clock leap detected (housekeeper delta=7m28s338ms).
[2024-05-31 00:51:04] [WARN] HikariPool.run:804 - HikariPool-1 - Thread starvation or clock leap detected (housekeeper delta=5m36s913ms).
[2024-05-31 00:54:55] [WARN] HikariPool.run:804 - HikariPool-1 - Thread starvation or clock leap detected (housekeeper delta=3m50s959ms).
[2024-05-31 00:57:08] [WARN] HikariPool.run:804 - HikariPool-1 - Thread starvation or clock leap detected (housekeeper delta=2m13s236ms).
[2024-05-31 01:02:39] [WARN] HikariPool.run:804 - HikariPool-1 - Thread starvation or clock leap detected (housekeeper delta=5m31s408ms).
[2024-05-31 01:09:16] [WARN] HikariPool.run:804 - HikariPool-1 - Thread starvation or clock leap detected (housekeeper delta=6m36s823ms).
[2024-05-31 01:13:48] [WARN] HikariPool.run:804 - HikariPool-1 - Thread starvation or clock leap detected (housekeeper delta=4m32s470ms).
[2024-05-31 01:20:18] [WARN] HikariPool.run:804 - HikariPool-1 - Thread starvation or clock leap detected (housekeeper delta=6m29s434ms).
[2024-05-31 01:26:03] [WARN] HikariPool.run:804 - HikariPool-1 - Thread starvation or clock leap detected (housekeeper delta=5m45s267ms).
[2024-05-31 01:43:24] [WARN] HikariPool.run:804 - HikariPool-1 - Thread starvation or clock leap detected (housekeeper delta=17m20s934ms).
[2024-05-31 02:47:48] [WARN] HikariPool.run:804 - HikariPool-1 - Thread starvation or clock leap detected (housekeeper delta=1h4m24s141ms).
[2024-05-31 03:01:25] [WARN] HikariPool.run:804 - HikariPool-1 - Thread starvation or clock leap detected (housekeeper delta=13m37s65ms).
[2024-05-31 03:53:40] [WARN] HikariPool.run:804 - HikariPool-1 - Thread starvation or clock leap detected (housekeeper delta=52m14s474ms).
[2024-05-31 05:34:22] [WARN] HikariPool.run:804 - HikariPool-1 - Thread starvation or clock leap detected (housekeeper delta=1h40m41s786ms).
[2024-05-31 06:43:49] [WARN] HikariPool.run:804 - HikariPool-1 - Thread starvation or clock leap detected (housekeeper delta=1h9m27s851ms).
[2024-05-31 07:56:12] [WARN] HikariPool.run:804 - HikariPool-1 - Thread starvation or clock leap detected (housekeeper delta=1h12m22s967ms).
[2024-05-31 08:41:28] [WARN] HikariPool.run:804 - HikariPool-1 - Thread starvation or clock leap detected (housekeeper delta=45m15s371ms).
[2024-05-31 09:13:09] [WARN] HikariPool.run:804 - HikariPool-1 - Thread starvation or clock leap detected (housekeeper delta=31m40s842ms).
[2024-05-31 11:49:51] [INFO] LocalContainerEntityManagerFactoryBean.destroy:650 - Closing JPA EntityManagerFactory for persistence unit 'default'
[2024-05-31 11:49:51] [INFO] HikariDataSource.close:350 - HikariPool-1 - Shutdown initiated...
[2024-05-31 11:49:51] [INFO] HikariDataSource.close:352 - HikariPool-1 - Shutdown completed.
[2024-05-31 23:30:45] [INFO] ScrapifyApplication.logStarting:50 - Starting ScrapifyApplication using Java 17.0.10 with PID 10871 (/Volumes/workspace/projects/carbarn/Scrapify/target/classes started by yasin in /Volumes/workspace/projects/carbarn/Scrapify)
[2024-05-31 23:30:45] [INFO] ScrapifyApplication.logStartupProfileInfo:660 - The following 1 profile is active: "dev"
[2024-05-31 23:30:46] [INFO] DevToolsPropertyDefaultsPostProcessor.logTo:252 - Devtools property defaults active! Set 'spring.devtools.add-properties' to 'false' to disable
[2024-05-31 23:30:46] [INFO] DevToolsPropertyDefaultsPostProcessor.logTo:252 - For additional web related logging consider setting the 'logging.level.web' property to 'DEBUG'
[2024-05-31 23:30:46] [INFO] RepositoryConfigurationDelegate.registerRepositoriesIn:143 - Bootstrapping Spring Data JPA repositories in DEFAULT mode.
[2024-05-31 23:30:46] [INFO] RepositoryConfigurationDelegate.registerRepositoriesIn:211 - Finished Spring Data repository scanning in 20 ms. Found 4 JPA repository interfaces.
[2024-05-31 23:30:46] [INFO] TomcatWebServer.initialize:109 - Tomcat initialized with port 8081 (http)
[2024-05-31 23:30:46] [INFO] Http11NioProtocol.log:173 - Initializing ProtocolHandler ["http-nio-8081"]
[2024-05-31 23:30:46] [INFO] StandardService.log:173 - Starting service [Tomcat]
[2024-05-31 23:30:46] [INFO] StandardEngine.log:173 - Starting Servlet engine: [Apache Tomcat/10.1.20]
[2024-05-31 23:30:46] [INFO] [/].log:173 - Initializing Spring embedded WebApplicationContext
[2024-05-31 23:30:46] [INFO] ServletWebServerApplicationContext.prepareWebApplicationContext:296 - Root WebApplicationContext: initialization completed in 701 ms
[2024-05-31 23:30:46] [INFO] LogHelper.logPersistenceUnitInformation:31 - HHH000204: Processing PersistenceUnitInfo [name: default]
[2024-05-31 23:30:46] [INFO] Version.logVersion:44 - HHH000412: Hibernate ORM core version 6.4.4.Final
[2024-05-31 23:30:46] [INFO] RegionFactoryInitiator.initiateService:50 - HHH000026: Second-level cache disabled
[2024-05-31 23:30:46] [INFO] SpringPersistenceUnitInfo.addTransformer:87 - No LoadTimeWeaver setup: ignoring JPA class transformer
[2024-05-31 23:30:46] [INFO] HikariDataSource.getConnection:110 - HikariPool-1 - Starting...
[2024-05-31 23:30:47] [INFO] HikariPool.checkFailFast:565 - HikariPool-1 - Added connection com.mysql.cj.jdbc.ConnectionImpl@60dbd48
[2024-05-31 23:30:47] [INFO] HikariDataSource.getConnection:123 - HikariPool-1 - Start completed.
[2024-05-31 23:30:47] [INFO] JtaPlatformInitiator.initiateService:58 - HHH000489: No JTA platform available (set 'hibernate.transaction.jta.platform' to enable JTA platform integration)
[2024-05-31 23:30:47] [INFO] LocalContainerEntityManagerFactoryBean.buildNativeEntityManagerFactory:437 - Initialized JPA EntityManagerFactory for persistence unit 'default'
[2024-05-31 23:30:47] [WARN] JpaBaseConfiguration$JpaWebConfiguration.openEntityManagerInViewInterceptor:232 - spring.jpa.open-in-view is enabled by default. Therefore, database queries may be performed during view rendering. Explicitly configure spring.jpa.open-in-view to disable this warning
[2024-05-31 23:30:48] [WARN] OptionalLiveReloadServer.startServer:62 - Unable to start LiveReload server
[2024-05-31 23:30:48] [INFO] EndpointLinksResolver.<init>:58 - Exposing 1 endpoint(s) beneath base path '/actuator'
[2024-05-31 23:30:48] [INFO] Http11NioProtocol.log:173 - Starting ProtocolHandler ["http-nio-8081"]
[2024-05-31 23:30:48] [INFO] TomcatWebServer.start:241 - Tomcat started on port 8081 (http) with context path ''
[2024-05-31 23:30:48] [INFO] ScrapifyApplication.logStarted:56 - Started ScrapifyApplication in 2.633 seconds (process running for 3.012)
[2024-05-31 23:30:48] [INFO] [/].log:173 - Initializing Spring DispatcherServlet 'dispatcherServlet'
[2024-05-31 23:30:48] [INFO] DispatcherServlet.initServletBean:532 - Initializing Servlet 'dispatcherServlet'
[2024-05-31 23:30:48] [INFO] DispatcherServlet.initServletBean:554 - Completed initialization in 1 ms
