[2024-06-13 00:00:00] [INFO] VehicleSoldUpdateService.lambda$updateVehicleDeletedAt$1:136 - Vehicle 13684270 found in live site
[2024-06-13 00:00:00] [INFO] VehicleSoldUpdateService.updateVehicles:111 - Remaining 2057 of 2402 and batch 1 of 0
[2024-06-13 00:00:01] [INFO] VehicleSoldUpdateService.updateVehicles:88 - url: https://listings.platform.autotrader.com.au/api/v3/listings/12656254
[2024-06-13 00:00:02] [INFO] VehicleSoldUpdateService.lambda$updateVehicleDeletedAt$1:136 - Vehicle 12656254 found in live site
[2024-06-13 00:00:02] [INFO] VehicleSoldUpdateService.updateVehicles:111 - Remaining 2056 of 2402 and batch 1 of 0
[2024-06-13 00:00:03] [INFO] VehicleSoldUpdateService.updateVehicles:88 - url: https://listings.platform.autotrader.com.au/api/v3/listings/12652823
[2024-06-13 00:00:04] [INFO] VehicleSoldUpdateService.lambda$updateVehicleDeletedAt$1:136 - Vehicle 12652823 found in live site
[2024-06-13 00:00:04] [INFO] VehicleSoldUpdateService.updateVehicles:111 - Remaining 2055 of 2402 and batch 1 of 0
[2024-06-13 00:00:05] [INFO] VehicleSoldUpdateService.updateVehicles:88 - url: https://listings.platform.autotrader.com.au/api/v3/listings/12652798
[2024-06-13 00:00:06] [INFO] VehicleSoldUpdateService.lambda$updateVehicleDeletedAt$1:136 - Vehicle 12652798 found in live site
[2024-06-13 00:00:06] [INFO] VehicleSoldUpdateService.updateVehicles:111 - Remaining 2054 of 2402 and batch 1 of 0
[2024-06-13 00:00:07] [INFO] VehicleSoldUpdateService.updateVehicles:88 - url: https://listings.platform.autotrader.com.au/api/v3/listings/13039270
[2024-06-13 00:00:08] [INFO] VehicleSoldUpdateService.lambda$updateVehicleDeletedAt$1:136 - Vehicle 13039270 found in live site
[2024-06-13 00:00:08] [INFO] VehicleSoldUpdateService.updateVehicles:111 - Remaining 2053 of 2402 and batch 1 of 0
[2024-06-13 00:00:09] [INFO] VehicleSoldUpdateService.updateVehicles:88 - url: https://listings.platform.autotrader.com.au/api/v3/listings/12750649
[2024-06-13 00:00:10] [INFO] VehicleSoldUpdateService.lambda$updateVehicleDeletedAt$1:136 - Vehicle 12750649 found in live site
[2024-06-13 00:00:10] [INFO] VehicleSoldUpdateService.updateVehicles:111 - Remaining 2052 of 2402 and batch 1 of 0
[2024-06-13 00:00:11] [INFO] VehicleSoldUpdateService.updateVehicles:88 - url: https://listings.platform.autotrader.com.au/api/v3/listings/12652802
[2024-06-13 00:00:12] [INFO] VehicleSoldUpdateService.lambda$updateVehicleDeletedAt$1:136 - Vehicle 12652802 found in live site
[2024-06-13 00:00:12] [INFO] VehicleSoldUpdateService.updateVehicles:111 - Remaining 2051 of 2402 and batch 1 of 0
[2024-06-13 00:00:13] [INFO] VehicleSoldUpdateService.updateVehicles:88 - url: https://listings.platform.autotrader.com.au/api/v3/listings/12652806
[2024-06-13 00:00:14] [INFO] VehicleSoldUpdateService.lambda$updateVehicleDeletedAt$1:136 - Vehicle 12652806 found in live site
[2024-06-13 00:00:14] [INFO] VehicleSoldUpdateService.updateVehicles:111 - Remaining 2050 of 2402 and batch 1 of 0
[2024-06-13 00:00:15] [INFO] VehicleSoldUpdateService.updateVehicles:88 - url: https://listings.platform.autotrader.com.au/api/v3/listings/12652797
[2024-06-13 00:00:16] [INFO] VehicleSoldUpdateService.lambda$updateVehicleDeletedAt$1:136 - Vehicle 12652797 found in live site
[2024-06-13 00:00:16] [INFO] VehicleSoldUpdateService.updateVehicles:111 - Remaining 2049 of 2402 and batch 1 of 0
[2024-06-13 00:00:17] [INFO] VehicleSoldUpdateService.updateVehicles:88 - url: https://listings.platform.autotrader.com.au/api/v3/listings/12869929
[2024-06-13 00:00:18] [INFO] VehicleSoldUpdateService.lambda$updateVehicleDeletedAt$1:136 - Vehicle 12869929 found in live site
[2024-06-13 00:00:18] [INFO] VehicleSoldUpdateService.updateVehicles:111 - Remaining 2048 of 2402 and batch 1 of 0
[2024-06-13 00:00:19] [INFO] VehicleSoldUpdateService.updateVehicles:88 - url: https://listings.platform.autotrader.com.au/api/v3/listings/13043287
[2024-06-13 00:00:20] [INFO] VehicleSoldUpdateService.lambda$updateVehicleDeletedAt$0:129 - Vehicle 13043287 marking as sold at 2024-06-01 03:08:04
[2024-06-13 00:00:20] [INFO] VehicleSoldUpdateService.updateVehicles:111 - Remaining 2047 of 2402 and batch 1 of 0
[2024-06-13 00:00:21] [INFO] VehicleSoldUpdateService.updateVehicles:88 - url: https://listings.platform.autotrader.com.au/api/v3/listings/13043283
[2024-06-13 00:00:22] [INFO] VehicleSoldUpdateService.lambda$updateVehicleDeletedAt$1:136 - Vehicle 13043283 found in live site
[2024-06-13 00:00:22] [INFO] VehicleSoldUpdateService.updateVehicles:111 - Remaining 2046 of 2402 and batch 1 of 0
[2024-06-13 00:00:23] [INFO] VehicleSoldUpdateService.updateVehicles:88 - url: https://listings.platform.autotrader.com.au/api/v3/listings/13753805
[2024-06-13 00:00:24] [INFO] VehicleSoldUpdateService.lambda$updateVehicleDeletedAt$1:136 - Vehicle 13753805 found in live site
[2024-06-13 00:00:24] [INFO] VehicleSoldUpdateService.updateVehicles:111 - Remaining 2045 of 2402 and batch 1 of 0
[2024-06-13 00:00:25] [INFO] VehicleSoldUpdateService.updateVehicles:88 - url: https://listings.platform.autotrader.com.au/api/v3/listings/13764052
[2024-06-13 00:00:26] [INFO] VehicleSoldUpdateService.lambda$updateVehicleDeletedAt$0:129 - Vehicle 13764052 marking as sold at 2024-05-24 08:12:37
[2024-06-13 00:00:26] [INFO] VehicleSoldUpdateService.updateVehicles:111 - Remaining 2044 of 2402 and batch 1 of 0
[2024-06-13 00:00:27] [INFO] VehicleSoldUpdateService.updateVehicles:88 - url: https://listings.platform.autotrader.com.au/api/v3/listings/13777260
[2024-06-13 00:00:28] [INFO] VehicleSoldUpdateService.lambda$updateVehicleDeletedAt$1:136 - Vehicle 13777260 found in live site
[2024-06-13 00:00:28] [INFO] VehicleSoldUpdateService.updateVehicles:111 - Remaining 2043 of 2402 and batch 1 of 0
[2024-06-13 00:00:29] [INFO] VehicleSoldUpdateService.updateVehicles:88 - url: https://listings.platform.autotrader.com.au/api/v3/listings/13778669
[2024-06-13 00:00:30] [INFO] VehicleSoldUpdateService.lambda$updateVehicleDeletedAt$1:136 - Vehicle 13778669 found in live site
[2024-06-13 00:00:30] [INFO] VehicleSoldUpdateService.updateVehicles:111 - Remaining 2042 of 2402 and batch 1 of 0
[2024-06-13 00:00:31] [INFO] VehicleSoldUpdateService.updateVehicles:88 - url: https://listings.platform.autotrader.com.au/api/v3/listings/13779619
[2024-06-13 00:00:32] [INFO] VehicleSoldUpdateService.lambda$updateVehicleDeletedAt$0:129 - Vehicle 13779619 marking as sold at 2024-06-04 03:17:35
[2024-06-13 00:00:32] [INFO] VehicleSoldUpdateService.updateVehicles:111 - Remaining 2041 of 2402 and batch 1 of 0
[2024-06-13 00:00:33] [INFO] VehicleSoldUpdateService.updateVehicles:88 - url: https://listings.platform.autotrader.com.au/api/v3/listings/13783073
[2024-06-13 00:00:34] [INFO] VehicleSoldUpdateService.lambda$updateVehicleDeletedAt$1:136 - Vehicle 13783073 found in live site
[2024-06-13 00:00:34] [INFO] VehicleSoldUpdateService.updateVehicles:111 - Remaining 2040 of 2402 and batch 1 of 0
[2024-06-13 00:00:35] [INFO] VehicleSoldUpdateService.updateVehicles:88 - url: https://listings.platform.autotrader.com.au/api/v3/listings/13789608
[2024-06-13 00:00:36] [INFO] VehicleSoldUpdateService.lambda$updateVehicleDeletedAt$0:129 - Vehicle 13789608 marking as sold at 2024-06-03 03:14:12
[2024-06-13 00:00:36] [INFO] VehicleSoldUpdateService.updateVehicles:111 - Remaining 2039 of 2402 and batch 1 of 0
[2024-06-13 00:00:37] [INFO] VehicleSoldUpdateService.updateVehicles:88 - url: https://listings.platform.autotrader.com.au/api/v3/listings/13789607
[2024-06-13 00:00:38] [INFO] VehicleSoldUpdateService.lambda$updateVehicleDeletedAt$1:136 - Vehicle 13789607 found in live site
[2024-06-13 00:00:38] [INFO] VehicleSoldUpdateService.updateVehicles:111 - Remaining 2038 of 2402 and batch 1 of 0
[2024-06-13 00:00:39] [INFO] VehicleSoldUpdateService.updateVehicles:88 - url: https://listings.platform.autotrader.com.au/api/v3/listings/13789606
[2024-06-13 00:00:39] [INFO] VehicleSoldUpdateService.lambda$updateVehicleDeletedAt$0:129 - Vehicle 13789606 marking as sold at 2024-06-03 03:14:12
[2024-06-13 00:00:40] [INFO] VehicleSoldUpdateService.updateVehicles:111 - Remaining 2037 of 2402 and batch 1 of 0
[2024-06-13 00:00:41] [INFO] VehicleSoldUpdateService.updateVehicles:88 - url: https://listings.platform.autotrader.com.au/api/v3/listings/13811853
[2024-06-13 00:00:41] [INFO] VehicleSoldUpdateService.lambda$updateVehicleDeletedAt$1:136 - Vehicle 13811853 found in live site
[2024-06-13 00:00:41] [INFO] VehicleSoldUpdateService.updateVehicles:111 - Remaining 2036 of 2402 and batch 1 of 0
[2024-06-13 00:00:43] [INFO] VehicleSoldUpdateService.updateVehicles:88 - url: https://listings.platform.autotrader.com.au/api/v3/listings/13811311
[2024-06-13 00:00:43] [INFO] VehicleSoldUpdateService.lambda$updateVehicleDeletedAt$1:136 - Vehicle 13811311 found in live site
[2024-06-13 00:00:43] [INFO] VehicleSoldUpdateService.updateVehicles:111 - Remaining 2035 of 2402 and batch 1 of 0
[2024-06-13 00:00:45] [INFO] VehicleSoldUpdateService.updateVehicles:88 - url: https://listings.platform.autotrader.com.au/api/v3/listings/13811310
[2024-06-13 00:00:45] [INFO] VehicleSoldUpdateService.lambda$updateVehicleDeletedAt$1:136 - Vehicle 13811310 found in live site
[2024-06-13 00:00:45] [INFO] VehicleSoldUpdateService.updateVehicles:111 - Remaining 2034 of 2402 and batch 1 of 0
[2024-06-13 00:00:47] [INFO] VehicleSoldUpdateService.updateVehicles:88 - url: https://listings.platform.autotrader.com.au/api/v3/listings/13811309
[2024-06-13 00:00:47] [INFO] VehicleSoldUpdateService.lambda$updateVehicleDeletedAt$1:136 - Vehicle 13811309 found in live site
[2024-06-13 00:00:47] [INFO] VehicleSoldUpdateService.updateVehicles:111 - Remaining 2033 of 2402 and batch 1 of 0
[2024-06-13 00:00:49] [INFO] VehicleSoldUpdateService.updateVehicles:88 - url: https://listings.platform.autotrader.com.au/api/v3/listings/13808665
[2024-06-13 00:00:49] [INFO] VehicleSoldUpdateService.lambda$updateVehicleDeletedAt$1:136 - Vehicle 13808665 found in live site
[2024-06-13 00:00:49] [INFO] VehicleSoldUpdateService.updateVehicles:111 - Remaining 2032 of 2402 and batch 1 of 0
[2024-06-13 00:00:51] [INFO] VehicleSoldUpdateService.updateVehicles:88 - url: https://listings.platform.autotrader.com.au/api/v3/listings/13640414
[2024-06-13 00:00:51] [INFO] VehicleSoldUpdateService.lambda$updateVehicleDeletedAt$1:136 - Vehicle 13640414 found in live site
[2024-06-13 00:00:51] [INFO] VehicleSoldUpdateService.updateVehicles:111 - Remaining 2031 of 2402 and batch 1 of 0
[2024-06-13 00:00:53] [INFO] VehicleSoldUpdateService.updateVehicles:88 - url: https://listings.platform.autotrader.com.au/api/v3/listings/13744952
[2024-06-13 00:00:53] [INFO] VehicleSoldUpdateService.lambda$updateVehicleDeletedAt$1:136 - Vehicle 13744952 found in live site
[2024-06-13 00:00:53] [INFO] VehicleSoldUpdateService.updateVehicles:111 - Remaining 2030 of 2402 and batch 1 of 0
[2024-06-13 00:00:55] [INFO] VehicleSoldUpdateService.updateVehicles:88 - url: https://listings.platform.autotrader.com.au/api/v3/listings/13744951
[2024-06-13 00:00:56] [INFO] VehicleSoldUpdateService.lambda$updateVehicleDeletedAt$1:136 - Vehicle 13744951 found in live site
[2024-06-13 00:00:56] [INFO] VehicleSoldUpdateService.updateVehicles:111 - Remaining 2029 of 2402 and batch 1 of 0
[2024-06-13 00:00:57] [INFO] VehicleSoldUpdateService.updateVehicles:88 - url: https://listings.platform.autotrader.com.au/api/v3/listings/13738713
[2024-06-13 00:00:58] [INFO] VehicleSoldUpdateService.lambda$updateVehicleDeletedAt$1:136 - Vehicle 13738713 found in live site
[2024-06-13 00:00:58] [INFO] VehicleSoldUpdateService.updateVehicles:111 - Remaining 2028 of 2402 and batch 1 of 0
[2024-06-13 00:00:59] [INFO] VehicleSoldUpdateService.updateVehicles:88 - url: https://listings.platform.autotrader.com.au/api/v3/listings/13735952
[2024-06-13 00:01:00] [INFO] VehicleSoldUpdateService.lambda$updateVehicleDeletedAt$1:136 - Vehicle 13735952 found in live site
[2024-06-13 00:01:00] [INFO] VehicleSoldUpdateService.updateVehicles:111 - Remaining 2027 of 2402 and batch 1 of 0
[2024-06-13 00:01:01] [INFO] VehicleSoldUpdateService.updateVehicles:88 - url: https://listings.platform.autotrader.com.au/api/v3/listings/13733492
[2024-06-13 00:01:02] [INFO] VehicleSoldUpdateService.lambda$updateVehicleDeletedAt$1:136 - Vehicle 13733492 found in live site
[2024-06-13 00:01:02] [INFO] VehicleSoldUpdateService.updateVehicles:111 - Remaining 2026 of 2402 and batch 1 of 0
[2024-06-13 00:01:03] [INFO] VehicleSoldUpdateService.updateVehicles:88 - url: https://listings.platform.autotrader.com.au/api/v3/listings/13730447
[2024-06-13 00:01:03] [INFO] VehicleSoldUpdateService.lambda$updateVehicleDeletedAt$0:129 - Vehicle 13730447 marking as sold at 2024-05-11 02:08:09
[2024-06-13 00:01:04] [INFO] VehicleSoldUpdateService.updateVehicles:111 - Remaining 2025 of 2402 and batch 1 of 0
[2024-06-13 00:01:05] [INFO] VehicleSoldUpdateService.updateVehicles:88 - url: https://listings.platform.autotrader.com.au/api/v3/listings/13728156
[2024-06-13 00:01:06] [INFO] VehicleSoldUpdateService.lambda$updateVehicleDeletedAt$1:136 - Vehicle 13728156 found in live site
[2024-06-13 00:01:06] [INFO] VehicleSoldUpdateService.updateVehicles:111 - Remaining 2024 of 2402 and batch 1 of 0
[2024-06-13 00:01:07] [INFO] VehicleSoldUpdateService.updateVehicles:88 - url: https://listings.platform.autotrader.com.au/api/v3/listings/13728155
[2024-06-13 00:01:07] [INFO] VehicleSoldUpdateService.lambda$updateVehicleDeletedAt$1:136 - Vehicle 13728155 found in live site
[2024-06-13 00:01:07] [INFO] VehicleSoldUpdateService.updateVehicles:111 - Remaining 2023 of 2402 and batch 1 of 0
[2024-06-13 00:01:09] [INFO] VehicleSoldUpdateService.updateVehicles:88 - url: https://listings.platform.autotrader.com.au/api/v3/listings/13727820
[2024-06-13 00:01:10] [INFO] VehicleSoldUpdateService.lambda$updateVehicleDeletedAt$0:129 - Vehicle 13727820 marking as sold at 2024-06-11 21:11:17
[2024-06-13 00:01:10] [INFO] VehicleSoldUpdateService.updateVehicles:111 - Remaining 2022 of 2402 and batch 1 of 0
[2024-06-13 00:01:11] [INFO] VehicleSoldUpdateService.updateVehicles:88 - url: https://listings.platform.autotrader.com.au/api/v3/listings/13725182
[2024-06-13 00:01:12] [INFO] VehicleSoldUpdateService.lambda$updateVehicleDeletedAt$1:136 - Vehicle 13725182 found in live site
[2024-06-13 00:01:12] [INFO] VehicleSoldUpdateService.updateVehicles:111 - Remaining 2021 of 2402 and batch 1 of 0
[2024-06-13 00:01:13] [INFO] VehicleSoldUpdateService.updateVehicles:88 - url: https://listings.platform.autotrader.com.au/api/v3/listings/13725180
[2024-06-13 00:01:14] [INFO] VehicleSoldUpdateService.lambda$updateVehicleDeletedAt$0:129 - Vehicle 13725180 marking as sold at 2024-06-08 21:26:19
[2024-06-13 00:01:14] [INFO] VehicleSoldUpdateService.updateVehicles:111 - Remaining 2020 of 2402 and batch 1 of 0
[2024-06-13 00:01:15] [INFO] VehicleSoldUpdateService.updateVehicles:88 - url: https://listings.platform.autotrader.com.au/api/v3/listings/13725179
[2024-06-13 00:01:16] [INFO] VehicleSoldUpdateService.lambda$updateVehicleDeletedAt$0:129 - Vehicle 13725179 marking as sold at 2024-05-25 02:04:19
[2024-06-13 00:01:16] [INFO] VehicleSoldUpdateService.updateVehicles:111 - Remaining 2019 of 2402 and batch 1 of 0
[2024-06-13 00:01:18] [INFO] VehicleSoldUpdateService.updateVehicles:88 - url: https://listings.platform.autotrader.com.au/api/v3/listings/13725178
[2024-06-13 00:01:18] [INFO] VehicleSoldUpdateService.lambda$updateVehicleDeletedAt$1:136 - Vehicle 13725178 found in live site
[2024-06-13 00:01:18] [INFO] VehicleSoldUpdateService.updateVehicles:111 - Remaining 2018 of 2402 and batch 1 of 0
[2024-06-13 00:01:20] [INFO] VehicleSoldUpdateService.updateVehicles:88 - url: https://listings.platform.autotrader.com.au/api/v3/listings/13721058
[2024-06-13 00:01:20] [INFO] VehicleSoldUpdateService.lambda$updateVehicleDeletedAt$1:136 - Vehicle 13721058 found in live site
[2024-06-13 00:01:20] [INFO] VehicleSoldUpdateService.updateVehicles:111 - Remaining 2017 of 2402 and batch 1 of 0
[2024-06-13 00:01:22] [INFO] VehicleSoldUpdateService.updateVehicles:88 - url: https://listings.platform.autotrader.com.au/api/v3/listings/13720940
[2024-06-13 00:01:23] [INFO] VehicleSoldUpdateService.lambda$updateVehicleDeletedAt$1:136 - Vehicle 13720940 found in live site
[2024-06-13 00:01:23] [INFO] VehicleSoldUpdateService.updateVehicles:111 - Remaining 2016 of 2402 and batch 1 of 0
[2024-06-13 00:01:24] [INFO] VehicleSoldUpdateService.updateVehicles:88 - url: https://listings.platform.autotrader.com.au/api/v3/listings/13720874
[2024-06-13 00:01:25] [INFO] VehicleSoldUpdateService.lambda$updateVehicleDeletedAt$0:129 - Vehicle 13720874 marking as sold at 2024-05-30 07:18:45
[2024-06-13 00:01:25] [INFO] VehicleSoldUpdateService.updateVehicles:111 - Remaining 2015 of 2402 and batch 1 of 0
[2024-06-13 00:01:26] [INFO] VehicleSoldUpdateService.updateVehicles:88 - url: https://listings.platform.autotrader.com.au/api/v3/listings/13719758
[2024-06-13 00:01:27] [INFO] VehicleSoldUpdateService.lambda$updateVehicleDeletedAt$0:129 - Vehicle 13719758 marking as sold at 2024-06-11 00:19:05
[2024-06-13 00:01:27] [INFO] VehicleSoldUpdateService.updateVehicles:111 - Remaining 2014 of 2402 and batch 1 of 0
[2024-06-13 00:01:28] [INFO] VehicleSoldUpdateService.updateVehicles:88 - url: https://listings.platform.autotrader.com.au/api/v3/listings/13717341
[2024-06-13 00:01:29] [INFO] VehicleSoldUpdateService.lambda$updateVehicleDeletedAt$1:136 - Vehicle 13717341 found in live site
[2024-06-13 00:01:29] [INFO] VehicleSoldUpdateService.updateVehicles:111 - Remaining 2013 of 2402 and batch 1 of 0
[2024-06-13 00:01:30] [INFO] VehicleSoldUpdateService.updateVehicles:88 - url: https://listings.platform.autotrader.com.au/api/v3/listings/13715036
[2024-06-13 00:01:31] [INFO] VehicleSoldUpdateService.lambda$updateVehicleDeletedAt$0:129 - Vehicle 13715036 marking as sold at 2024-05-25 05:09:55
[2024-06-13 00:01:31] [INFO] VehicleSoldUpdateService.updateVehicles:111 - Remaining 2012 of 2402 and batch 1 of 0
[2024-06-13 00:01:33] [INFO] VehicleSoldUpdateService.updateVehicles:88 - url: https://listings.platform.autotrader.com.au/api/v3/listings/13715034
[2024-06-13 00:01:33] [INFO] VehicleSoldUpdateService.lambda$updateVehicleDeletedAt$1:136 - Vehicle 13715034 found in live site
[2024-06-13 00:01:33] [INFO] VehicleSoldUpdateService.updateVehicles:111 - Remaining 2011 of 2402 and batch 1 of 0
[2024-06-13 00:01:35] [INFO] VehicleSoldUpdateService.updateVehicles:88 - url: https://listings.platform.autotrader.com.au/api/v3/listings/13715035
[2024-06-13 00:01:35] [INFO] VehicleSoldUpdateService.lambda$updateVehicleDeletedAt$1:136 - Vehicle 13715035 found in live site
[2024-06-13 00:01:35] [INFO] VehicleSoldUpdateService.updateVehicles:111 - Remaining 2010 of 2402 and batch 1 of 0
[2024-06-13 00:01:37] [INFO] VehicleSoldUpdateService.updateVehicles:88 - url: https://listings.platform.autotrader.com.au/api/v3/listings/13715033
[2024-06-13 00:01:38] [INFO] VehicleSoldUpdateService.lambda$updateVehicleDeletedAt$1:136 - Vehicle 13715033 found in live site
[2024-06-13 00:01:38] [INFO] VehicleSoldUpdateService.updateVehicles:111 - Remaining 2009 of 2402 and batch 1 of 0
[2024-06-13 00:01:39] [INFO] VehicleSoldUpdateService.updateVehicles:88 - url: https://listings.platform.autotrader.com.au/api/v3/listings/13712490
[2024-06-13 00:01:40] [INFO] VehicleSoldUpdateService.lambda$updateVehicleDeletedAt$0:129 - Vehicle 13712490 marking as sold at 2024-05-29 06:02:36
[2024-06-13 00:01:40] [INFO] VehicleSoldUpdateService.updateVehicles:111 - Remaining 2008 of 2402 and batch 1 of 0
[2024-06-13 00:01:41] [INFO] VehicleSoldUpdateService.updateVehicles:88 - url: https://listings.platform.autotrader.com.au/api/v3/listings/13712492
[2024-06-13 00:01:42] [INFO] VehicleSoldUpdateService.lambda$updateVehicleDeletedAt$0:129 - Vehicle 13712492 marking as sold at 2024-06-09 00:32:09
[2024-06-13 00:01:42] [INFO] VehicleSoldUpdateService.updateVehicles:111 - Remaining 2007 of 2402 and batch 1 of 0
[2024-06-13 00:01:44] [INFO] VehicleSoldUpdateService.updateVehicles:88 - url: https://listings.platform.autotrader.com.au/api/v3/listings/13710081
[2024-06-13 00:01:44] [INFO] VehicleSoldUpdateService.lambda$updateVehicleDeletedAt$0:129 - Vehicle 13710081 marking as sold at 2024-05-25 02:02:48
[2024-06-13 00:01:44] [INFO] VehicleSoldUpdateService.updateVehicles:111 - Remaining 2006 of 2402 and batch 1 of 0
[2024-06-13 00:01:46] [INFO] VehicleSoldUpdateService.updateVehicles:88 - url: https://listings.platform.autotrader.com.au/api/v3/listings/13710080
[2024-06-13 00:01:46] [INFO] VehicleSoldUpdateService.lambda$updateVehicleDeletedAt$1:136 - Vehicle 13710080 found in live site
[2024-06-13 00:01:46] [INFO] VehicleSoldUpdateService.updateVehicles:111 - Remaining 2005 of 2402 and batch 1 of 0
[2024-06-13 00:01:48] [INFO] VehicleSoldUpdateService.updateVehicles:88 - url: https://listings.platform.autotrader.com.au/api/v3/listings/13686015
[2024-06-13 00:01:48] [INFO] VehicleSoldUpdateService.lambda$updateVehicleDeletedAt$1:136 - Vehicle 13686015 found in live site
[2024-06-13 00:01:48] [INFO] VehicleSoldUpdateService.updateVehicles:111 - Remaining 2004 of 2402 and batch 1 of 0
[2024-06-13 00:01:50] [INFO] VehicleSoldUpdateService.updateVehicles:88 - url: https://listings.platform.autotrader.com.au/api/v3/listings/13686014
[2024-06-13 00:01:50] [INFO] VehicleSoldUpdateService.lambda$updateVehicleDeletedAt$0:129 - Vehicle 13686014 marking as sold at 2024-06-03 21:06:17
[2024-06-13 00:01:50] [INFO] VehicleSoldUpdateService.updateVehicles:111 - Remaining 2003 of 2402 and batch 1 of 0
[2024-06-13 00:01:52] [INFO] VehicleSoldUpdateService.updateVehicles:88 - url: https://listings.platform.autotrader.com.au/api/v3/listings/13679427
[2024-06-13 00:01:52] [INFO] VehicleSoldUpdateService.lambda$updateVehicleDeletedAt$1:136 - Vehicle 13679427 found in live site
[2024-06-13 00:01:52] [INFO] VehicleSoldUpdateService.updateVehicles:111 - Remaining 2002 of 2402 and batch 1 of 0
[2024-06-13 00:01:54] [INFO] VehicleSoldUpdateService.updateVehicles:88 - url: https://listings.platform.autotrader.com.au/api/v3/listings/13492912
[2024-06-13 00:01:54] [INFO] VehicleSoldUpdateService.lambda$updateVehicleDeletedAt$1:136 - Vehicle 13492912 found in live site
[2024-06-13 00:01:54] [INFO] VehicleSoldUpdateService.updateVehicles:111 - Remaining 2001 of 2402 and batch 1 of 0
[2024-06-13 00:01:56] [INFO] VehicleSoldUpdateService.updateVehicles:88 - url: https://listings.platform.autotrader.com.au/api/v3/listings/13525172
[2024-06-13 00:01:56] [INFO] VehicleSoldUpdateService.lambda$updateVehicleDeletedAt$1:136 - Vehicle 13525172 found in live site
[2024-06-13 00:01:56] [INFO] VehicleSoldUpdateService.updateVehicles:111 - Remaining 2000 of 2402 and batch 1 of 0
[2024-06-13 00:01:58] [INFO] VehicleSoldUpdateService.updateVehicles:88 - url: https://listings.platform.autotrader.com.au/api/v3/listings/13566719
[2024-06-13 00:01:58] [INFO] VehicleSoldUpdateService.lambda$updateVehicleDeletedAt$1:136 - Vehicle 13566719 found in live site
[2024-06-13 00:01:58] [INFO] VehicleSoldUpdateService.updateVehicles:111 - Remaining 1999 of 2402 and batch 1 of 0
[2024-06-13 00:02:00] [INFO] VehicleSoldUpdateService.updateVehicles:88 - url: https://listings.platform.autotrader.com.au/api/v3/listings/13235437
[2024-06-13 00:02:00] [INFO] VehicleSoldUpdateService.lambda$updateVehicleDeletedAt$0:129 - Vehicle 13235437 marking as sold at 2024-06-04 21:07:30
[2024-06-13 00:02:00] [INFO] VehicleSoldUpdateService.updateVehicles:111 - Remaining 1998 of 2402 and batch 1 of 0
[2024-06-13 00:02:02] [INFO] VehicleSoldUpdateService.updateVehicles:88 - url: https://listings.platform.autotrader.com.au/api/v3/listings/13352569
[2024-06-13 00:02:02] [INFO] VehicleSoldUpdateService.lambda$updateVehicleDeletedAt$1:136 - Vehicle 13352569 found in live site
[2024-06-13 00:02:02] [INFO] VehicleSoldUpdateService.updateVehicles:111 - Remaining 1997 of 2402 and batch 1 of 0
[2024-06-13 00:02:04] [INFO] VehicleSoldUpdateService.updateVehicles:88 - url: https://listings.platform.autotrader.com.au/api/v3/listings/13233536
[2024-06-13 00:02:04] [INFO] VehicleSoldUpdateService.lambda$updateVehicleDeletedAt$1:136 - Vehicle 13233536 found in live site
[2024-06-13 00:02:04] [INFO] VehicleSoldUpdateService.updateVehicles:111 - Remaining 1996 of 2402 and batch 1 of 0
[2024-06-13 00:02:06] [INFO] VehicleSoldUpdateService.updateVehicles:88 - url: https://listings.platform.autotrader.com.au/api/v3/listings/13472690
[2024-06-13 00:02:06] [INFO] VehicleSoldUpdateService.lambda$updateVehicleDeletedAt$1:136 - Vehicle 13472690 found in live site
[2024-06-13 00:02:06] [INFO] VehicleSoldUpdateService.updateVehicles:111 - Remaining 1995 of 2402 and batch 1 of 0
[2024-06-13 00:02:08] [INFO] VehicleSoldUpdateService.updateVehicles:88 - url: https://listings.platform.autotrader.com.au/api/v3/listings/13239632
[2024-06-13 00:02:08] [INFO] VehicleSoldUpdateService.lambda$updateVehicleDeletedAt$1:136 - Vehicle 13239632 found in live site
[2024-06-13 00:02:08] [INFO] VehicleSoldUpdateService.updateVehicles:111 - Remaining 1994 of 2402 and batch 1 of 0
[2024-06-13 00:02:10] [INFO] VehicleSoldUpdateService.updateVehicles:88 - url: https://listings.platform.autotrader.com.au/api/v3/listings/13235438
[2024-06-13 00:02:10] [INFO] VehicleSoldUpdateService.lambda$updateVehicleDeletedAt$1:136 - Vehicle 13235438 found in live site
[2024-06-13 00:02:10] [INFO] VehicleSoldUpdateService.updateVehicles:111 - Remaining 1993 of 2402 and batch 1 of 0
[2024-06-13 00:02:12] [INFO] VehicleSoldUpdateService.updateVehicles:88 - url: https://listings.platform.autotrader.com.au/api/v3/listings/13374262
[2024-06-13 00:02:12] [INFO] VehicleSoldUpdateService.lambda$updateVehicleDeletedAt$1:136 - Vehicle 13374262 found in live site
[2024-06-13 00:02:12] [INFO] VehicleSoldUpdateService.updateVehicles:111 - Remaining 1992 of 2402 and batch 1 of 0
[2024-06-13 00:02:14] [INFO] VehicleSoldUpdateService.updateVehicles:88 - url: https://listings.platform.autotrader.com.au/api/v3/listings/13374261
[2024-06-13 00:02:14] [INFO] VehicleSoldUpdateService.lambda$updateVehicleDeletedAt$1:136 - Vehicle 13374261 found in live site
[2024-06-13 00:02:14] [INFO] VehicleSoldUpdateService.updateVehicles:111 - Remaining 1991 of 2402 and batch 1 of 0
[2024-06-13 00:02:16] [INFO] VehicleSoldUpdateService.updateVehicles:88 - url: https://listings.platform.autotrader.com.au/api/v3/listings/13362959
[2024-06-13 00:02:16] [INFO] VehicleSoldUpdateService.lambda$updateVehicleDeletedAt$1:136 - Vehicle 13362959 found in live site
[2024-06-13 00:02:16] [INFO] VehicleSoldUpdateService.updateVehicles:111 - Remaining 1990 of 2402 and batch 1 of 0
[2024-06-13 00:02:18] [INFO] VehicleSoldUpdateService.updateVehicles:88 - url: https://listings.platform.autotrader.com.au/api/v3/listings/13325851
[2024-06-13 00:02:18] [INFO] VehicleSoldUpdateService.lambda$updateVehicleDeletedAt$1:136 - Vehicle 13325851 found in live site
[2024-06-13 00:02:18] [INFO] VehicleSoldUpdateService.updateVehicles:111 - Remaining 1989 of 2402 and batch 1 of 0
[2024-06-13 00:02:20] [INFO] VehicleSoldUpdateService.updateVehicles:88 - url: https://listings.platform.autotrader.com.au/api/v3/listings/13239633
[2024-06-13 00:02:20] [INFO] VehicleSoldUpdateService.lambda$updateVehicleDeletedAt$1:136 - Vehicle 13239633 found in live site
[2024-06-13 00:02:20] [INFO] VehicleSoldUpdateService.updateVehicles:111 - Remaining 1988 of 2402 and batch 1 of 0
[2024-06-13 00:02:22] [INFO] VehicleSoldUpdateService.updateVehicles:88 - url: https://listings.platform.autotrader.com.au/api/v3/listings/13184866
[2024-06-13 00:02:22] [INFO] VehicleSoldUpdateService.lambda$updateVehicleDeletedAt$1:136 - Vehicle 13184866 found in live site
[2024-06-13 00:02:22] [INFO] VehicleSoldUpdateService.updateVehicles:111 - Remaining 1987 of 2402 and batch 1 of 0
[2024-06-13 00:02:24] [INFO] VehicleSoldUpdateService.updateVehicles:88 - url: https://listings.platform.autotrader.com.au/api/v3/listings/13186623
[2024-06-13 00:02:24] [INFO] VehicleSoldUpdateService.lambda$updateVehicleDeletedAt$0:129 - Vehicle 13186623 marking as sold at 2024-06-06 06:45:26
[2024-06-13 00:02:25] [INFO] VehicleSoldUpdateService.updateVehicles:111 - Remaining 1986 of 2402 and batch 1 of 0
[2024-06-13 00:02:26] [INFO] VehicleSoldUpdateService.updateVehicles:88 - url: https://listings.platform.autotrader.com.au/api/v3/listings/13362824
[2024-06-13 00:02:26] [INFO] VehicleSoldUpdateService.lambda$updateVehicleDeletedAt$1:136 - Vehicle 13362824 found in live site
[2024-06-13 00:02:26] [INFO] VehicleSoldUpdateService.updateVehicles:111 - Remaining 1985 of 2402 and batch 1 of 0
[2024-06-13 00:02:28] [INFO] VehicleSoldUpdateService.updateVehicles:88 - url: https://listings.platform.autotrader.com.au/api/v3/listings/13359555
[2024-06-13 00:02:28] [INFO] VehicleSoldUpdateService.lambda$updateVehicleDeletedAt$1:136 - Vehicle 13359555 found in live site
[2024-06-13 00:02:28] [INFO] VehicleSoldUpdateService.updateVehicles:111 - Remaining 1984 of 2402 and batch 1 of 0
[2024-06-13 00:02:30] [INFO] VehicleSoldUpdateService.updateVehicles:88 - url: https://listings.platform.autotrader.com.au/api/v3/listings/13257963
[2024-06-13 00:02:30] [INFO] VehicleSoldUpdateService.lambda$updateVehicleDeletedAt$1:136 - Vehicle 13257963 found in live site
[2024-06-13 00:02:30] [INFO] VehicleSoldUpdateService.updateVehicles:111 - Remaining 1983 of 2402 and batch 1 of 0
[2024-06-13 00:02:32] [INFO] VehicleSoldUpdateService.updateVehicles:88 - url: https://listings.platform.autotrader.com.au/api/v3/listings/13255931
[2024-06-13 00:02:32] [INFO] VehicleSoldUpdateService.lambda$updateVehicleDeletedAt$1:136 - Vehicle 13255931 found in live site
[2024-06-13 00:02:32] [INFO] VehicleSoldUpdateService.updateVehicles:111 - Remaining 1982 of 2402 and batch 1 of 0
[2024-06-13 00:02:34] [INFO] VehicleSoldUpdateService.updateVehicles:88 - url: https://listings.platform.autotrader.com.au/api/v3/listings/13252890
[2024-06-13 00:02:34] [INFO] VehicleSoldUpdateService.lambda$updateVehicleDeletedAt$0:129 - Vehicle 13252890 marking as sold at 2024-06-04 21:07:27
[2024-06-13 00:02:34] [INFO] VehicleSoldUpdateService.updateVehicles:111 - Remaining 1981 of 2402 and batch 1 of 0
[2024-06-13 00:02:36] [INFO] VehicleSoldUpdateService.updateVehicles:88 - url: https://listings.platform.autotrader.com.au/api/v3/listings/13250953
[2024-06-13 00:02:37] [INFO] VehicleSoldUpdateService.lambda$updateVehicleDeletedAt$1:136 - Vehicle 13250953 found in live site
[2024-06-13 00:02:37] [INFO] VehicleSoldUpdateService.updateVehicles:111 - Remaining 1980 of 2402 and batch 1 of 0
[2024-06-13 00:02:38] [INFO] VehicleSoldUpdateService.updateVehicles:88 - url: https://listings.platform.autotrader.com.au/api/v3/listings/13250951
[2024-06-13 00:02:39] [INFO] VehicleSoldUpdateService.lambda$updateVehicleDeletedAt$1:136 - Vehicle 13250951 found in live site
[2024-06-13 00:02:39] [INFO] VehicleSoldUpdateService.updateVehicles:111 - Remaining 1979 of 2402 and batch 1 of 0
[2024-06-13 00:02:40] [INFO] VehicleSoldUpdateService.updateVehicles:88 - url: https://listings.platform.autotrader.com.au/api/v3/listings/13190695
[2024-06-13 00:02:41] [INFO] VehicleSoldUpdateService.lambda$updateVehicleDeletedAt$1:136 - Vehicle 13190695 found in live site
[2024-06-13 00:02:41] [INFO] VehicleSoldUpdateService.updateVehicles:111 - Remaining 1978 of 2402 and batch 1 of 0
[2024-06-13 00:02:42] [INFO] VehicleSoldUpdateService.updateVehicles:88 - url: https://listings.platform.autotrader.com.au/api/v3/listings/13163818
[2024-06-13 00:02:43] [INFO] VehicleSoldUpdateService.lambda$updateVehicleDeletedAt$1:136 - Vehicle 13163818 found in live site
[2024-06-13 00:02:43] [INFO] VehicleSoldUpdateService.updateVehicles:111 - Remaining 1977 of 2402 and batch 1 of 0
[2024-06-13 00:02:44] [INFO] VehicleSoldUpdateService.updateVehicles:88 - url: https://listings.platform.autotrader.com.au/api/v3/listings/13155926
[2024-06-13 00:02:45] [INFO] VehicleSoldUpdateService.lambda$updateVehicleDeletedAt$1:136 - Vehicle 13155926 found in live site
[2024-06-13 00:02:45] [INFO] VehicleSoldUpdateService.updateVehicles:111 - Remaining 1976 of 2402 and batch 1 of 0
[2024-06-13 00:02:46] [INFO] VehicleSoldUpdateService.updateVehicles:88 - url: https://listings.platform.autotrader.com.au/api/v3/listings/13131666
[2024-06-13 00:02:47] [INFO] VehicleSoldUpdateService.lambda$updateVehicleDeletedAt$1:136 - Vehicle 13131666 found in live site
[2024-06-13 00:02:47] [INFO] VehicleSoldUpdateService.updateVehicles:111 - Remaining 1975 of 2402 and batch 1 of 0
[2024-06-13 00:02:48] [INFO] VehicleSoldUpdateService.updateVehicles:88 - url: https://listings.platform.autotrader.com.au/api/v3/listings/13388417
[2024-06-13 00:02:49] [INFO] VehicleSoldUpdateService.lambda$updateVehicleDeletedAt$1:136 - Vehicle 13388417 found in live site
[2024-06-13 00:02:49] [INFO] VehicleSoldUpdateService.updateVehicles:111 - Remaining 1974 of 2402 and batch 1 of 0
[2024-06-13 00:02:50] [INFO] VehicleSoldUpdateService.updateVehicles:88 - url: https://listings.platform.autotrader.com.au/api/v3/listings/13167364
[2024-06-13 00:02:51] [INFO] VehicleSoldUpdateService.lambda$updateVehicleDeletedAt$1:136 - Vehicle 13167364 found in live site
[2024-06-13 00:02:51] [INFO] VehicleSoldUpdateService.updateVehicles:111 - Remaining 1973 of 2402 and batch 1 of 0
[2024-06-13 00:02:52] [INFO] VehicleSoldUpdateService.updateVehicles:88 - url: https://listings.platform.autotrader.com.au/api/v3/listings/13233537
[2024-06-13 00:02:53] [INFO] VehicleSoldUpdateService.lambda$updateVehicleDeletedAt$1:136 - Vehicle 13233537 found in live site
[2024-06-13 00:02:53] [INFO] VehicleSoldUpdateService.updateVehicles:111 - Remaining 1972 of 2402 and batch 1 of 0
[2024-06-13 00:02:54] [INFO] VehicleSoldUpdateService.updateVehicles:88 - url: https://listings.platform.autotrader.com.au/api/v3/listings/13707310
[2024-06-13 00:02:55] [INFO] VehicleSoldUpdateService.lambda$updateVehicleDeletedAt$1:136 - Vehicle 13707310 found in live site
[2024-06-13 00:02:55] [INFO] VehicleSoldUpdateService.updateVehicles:111 - Remaining 1971 of 2402 and batch 1 of 0
[2024-06-13 00:02:56] [INFO] VehicleSoldUpdateService.updateVehicles:88 - url: https://listings.platform.autotrader.com.au/api/v3/listings/13697752
[2024-06-13 00:02:57] [INFO] VehicleSoldUpdateService.lambda$updateVehicleDeletedAt$1:136 - Vehicle 13697752 found in live site
[2024-06-13 00:02:57] [INFO] VehicleSoldUpdateService.updateVehicles:111 - Remaining 1970 of 2402 and batch 1 of 0
[2024-06-13 00:02:58] [INFO] VehicleSoldUpdateService.updateVehicles:88 - url: https://listings.platform.autotrader.com.au/api/v3/listings/13660589
[2024-06-13 00:02:58] [INFO] VehicleSoldUpdateService.lambda$updateVehicleDeletedAt$1:136 - Vehicle 13660589 found in live site
[2024-06-13 00:02:58] [INFO] VehicleSoldUpdateService.updateVehicles:111 - Remaining 1969 of 2402 and batch 1 of 0
[2024-06-13 00:03:00] [INFO] VehicleSoldUpdateService.updateVehicles:88 - url: https://listings.platform.autotrader.com.au/api/v3/listings/12247317
[2024-06-13 00:03:00] [INFO] VehicleSoldUpdateService.lambda$updateVehicleDeletedAt$0:129 - Vehicle 12247317 marking as sold at 2024-06-02 02:12:38
[2024-06-13 00:03:00] [INFO] VehicleSoldUpdateService.updateVehicles:111 - Remaining 1968 of 2402 and batch 1 of 0
[2024-06-13 00:03:02] [INFO] VehicleSoldUpdateService.updateVehicles:88 - url: https://listings.platform.autotrader.com.au/api/v3/listings/12242603
[2024-06-13 00:03:02] [INFO] VehicleSoldUpdateService.lambda$updateVehicleDeletedAt$1:136 - Vehicle 12242603 found in live site
[2024-06-13 00:03:02] [INFO] VehicleSoldUpdateService.updateVehicles:111 - Remaining 1967 of 2402 and batch 1 of 0
[2024-06-13 00:03:04] [INFO] VehicleSoldUpdateService.updateVehicles:88 - url: https://listings.platform.autotrader.com.au/api/v3/listings/12790779
[2024-06-13 00:03:05] [INFO] VehicleSoldUpdateService.lambda$updateVehicleDeletedAt$1:136 - Vehicle 12790779 found in live site
[2024-06-13 00:03:05] [INFO] VehicleSoldUpdateService.updateVehicles:111 - Remaining 1966 of 2402 and batch 1 of 0
[2024-06-13 00:03:06] [INFO] VehicleSoldUpdateService.updateVehicles:88 - url: https://listings.platform.autotrader.com.au/api/v3/listings/12245021
[2024-06-13 00:03:07] [INFO] VehicleSoldUpdateService.lambda$updateVehicleDeletedAt$1:136 - Vehicle 12245021 found in live site
[2024-06-13 00:03:07] [INFO] VehicleSoldUpdateService.updateVehicles:111 - Remaining 1965 of 2402 and batch 1 of 0
[2024-06-13 00:03:08] [INFO] VehicleSoldUpdateService.updateVehicles:88 - url: https://listings.platform.autotrader.com.au/api/v3/listings/13004370
[2024-06-13 00:03:09] [INFO] VehicleSoldUpdateService.lambda$updateVehicleDeletedAt$1:136 - Vehicle 13004370 found in live site
[2024-06-13 00:03:09] [INFO] VehicleSoldUpdateService.updateVehicles:111 - Remaining 1964 of 2402 and batch 1 of 0
[2024-06-13 00:03:10] [INFO] VehicleSoldUpdateService.updateVehicles:88 - url: https://listings.platform.autotrader.com.au/api/v3/listings/12978549
[2024-06-13 00:03:10] [INFO] VehicleSoldUpdateService.lambda$updateVehicleDeletedAt$1:136 - Vehicle 12978549 found in live site
[2024-06-13 00:03:10] [INFO] VehicleSoldUpdateService.updateVehicles:111 - Remaining 1963 of 2402 and batch 1 of 0
[2024-06-13 00:03:12] [INFO] VehicleSoldUpdateService.updateVehicles:88 - url: https://listings.platform.autotrader.com.au/api/v3/listings/12637667
[2024-06-13 00:03:12] [INFO] VehicleSoldUpdateService.lambda$updateVehicleDeletedAt$1:136 - Vehicle 12637667 found in live site
[2024-06-13 00:03:12] [INFO] VehicleSoldUpdateService.updateVehicles:111 - Remaining 1962 of 2402 and batch 1 of 0
[2024-06-13 00:03:14] [INFO] VehicleSoldUpdateService.updateVehicles:88 - url: https://listings.platform.autotrader.com.au/api/v3/listings/12564226
[2024-06-13 00:03:15] [INFO] VehicleSoldUpdateService.lambda$updateVehicleDeletedAt$1:136 - Vehicle 12564226 found in live site
[2024-06-13 00:03:15] [INFO] VehicleSoldUpdateService.updateVehicles:111 - Remaining 1961 of 2402 and batch 1 of 0
[2024-06-13 00:03:16] [INFO] VehicleSoldUpdateService.updateVehicles:88 - url: https://listings.platform.autotrader.com.au/api/v3/listings/12512188
[2024-06-13 00:03:17] [INFO] VehicleSoldUpdateService.lambda$updateVehicleDeletedAt$1:136 - Vehicle 12512188 found in live site
[2024-06-13 00:03:17] [INFO] VehicleSoldUpdateService.updateVehicles:111 - Remaining 1960 of 2402 and batch 1 of 0
[2024-06-13 00:03:18] [INFO] VehicleSoldUpdateService.updateVehicles:88 - url: https://listings.platform.autotrader.com.au/api/v3/listings/12637709
[2024-06-13 00:03:18] [INFO] VehicleSoldUpdateService.lambda$updateVehicleDeletedAt$1:136 - Vehicle 12637709 found in live site
[2024-06-13 00:03:18] [INFO] VehicleSoldUpdateService.updateVehicles:111 - Remaining 1959 of 2402 and batch 1 of 0
[2024-06-13 00:03:20] [INFO] VehicleSoldUpdateService.updateVehicles:88 - url: https://listings.platform.autotrader.com.au/api/v3/listings/12927296
[2024-06-13 00:03:20] [INFO] VehicleSoldUpdateService.lambda$updateVehicleDeletedAt$1:136 - Vehicle 12927296 found in live site
[2024-06-13 00:03:20] [INFO] VehicleSoldUpdateService.updateVehicles:111 - Remaining 1958 of 2402 and batch 1 of 0
[2024-06-13 00:03:22] [INFO] VehicleSoldUpdateService.updateVehicles:88 - url: https://listings.platform.autotrader.com.au/api/v3/listings/12354852
[2024-06-13 00:03:22] [INFO] VehicleSoldUpdateService.lambda$updateVehicleDeletedAt$1:136 - Vehicle 12354852 found in live site
[2024-06-13 00:03:22] [INFO] VehicleSoldUpdateService.updateVehicles:111 - Remaining 1957 of 2402 and batch 1 of 0
[2024-06-13 00:03:24] [INFO] VehicleSoldUpdateService.updateVehicles:88 - url: https://listings.platform.autotrader.com.au/api/v3/listings/12342501
[2024-06-13 00:03:24] [INFO] VehicleSoldUpdateService.lambda$updateVehicleDeletedAt$0:129 - Vehicle 12342501 marking as sold at 2024-05-31 21:21:21
[2024-06-13 00:03:24] [INFO] VehicleSoldUpdateService.updateVehicles:111 - Remaining 1956 of 2402 and batch 1 of 0
[2024-06-13 00:03:26] [INFO] VehicleSoldUpdateService.updateVehicles:88 - url: https://listings.platform.autotrader.com.au/api/v3/listings/12607853
[2024-06-13 00:03:26] [INFO] VehicleSoldUpdateService.lambda$updateVehicleDeletedAt$1:136 - Vehicle 12607853 found in live site
[2024-06-13 00:03:26] [INFO] VehicleSoldUpdateService.updateVehicles:111 - Remaining 1955 of 2402 and batch 1 of 0
[2024-06-13 00:03:28] [INFO] VehicleSoldUpdateService.updateVehicles:88 - url: https://listings.platform.autotrader.com.au/api/v3/listings/11996587
[2024-06-13 00:03:28] [INFO] VehicleSoldUpdateService.lambda$updateVehicleDeletedAt$1:136 - Vehicle 11996587 found in live site
[2024-06-13 00:03:28] [INFO] VehicleSoldUpdateService.updateVehicles:111 - Remaining 1954 of 2402 and batch 1 of 0
[2024-06-13 00:03:30] [INFO] VehicleSoldUpdateService.updateVehicles:88 - url: https://listings.platform.autotrader.com.au/api/v3/listings/13008751
[2024-06-13 00:03:30] [INFO] VehicleSoldUpdateService.lambda$updateVehicleDeletedAt$1:136 - Vehicle 13008751 found in live site
[2024-06-13 00:03:30] [INFO] VehicleSoldUpdateService.updateVehicles:111 - Remaining 1953 of 2402 and batch 1 of 0
[2024-06-13 00:03:32] [INFO] VehicleSoldUpdateService.updateVehicles:88 - url: https://listings.platform.autotrader.com.au/api/v3/listings/12976370
[2024-06-13 00:03:32] [INFO] VehicleSoldUpdateService.lambda$updateVehicleDeletedAt$1:136 - Vehicle 12976370 found in live site
[2024-06-13 00:03:32] [INFO] VehicleSoldUpdateService.updateVehicles:111 - Remaining 1952 of 2402 and batch 1 of 0
[2024-06-13 00:03:34] [INFO] VehicleSoldUpdateService.updateVehicles:88 - url: https://listings.platform.autotrader.com.au/api/v3/listings/12860853
[2024-06-13 00:03:34] [INFO] VehicleSoldUpdateService.lambda$updateVehicleDeletedAt$1:136 - Vehicle 12860853 found in live site
[2024-06-13 00:03:34] [INFO] VehicleSoldUpdateService.updateVehicles:111 - Remaining 1951 of 2402 and batch 1 of 0
[2024-06-13 00:03:36] [INFO] VehicleSoldUpdateService.updateVehicles:88 - url: https://listings.platform.autotrader.com.au/api/v3/listings/12839386
[2024-06-13 00:03:36] [INFO] VehicleSoldUpdateService.lambda$updateVehicleDeletedAt$1:136 - Vehicle 12839386 found in live site
[2024-06-13 00:03:36] [INFO] VehicleSoldUpdateService.updateVehicles:111 - Remaining 1950 of 2402 and batch 1 of 0
[2024-06-13 00:03:38] [INFO] VehicleSoldUpdateService.updateVehicles:88 - url: https://listings.platform.autotrader.com.au/api/v3/listings/12750806
[2024-06-13 00:03:38] [INFO] VehicleSoldUpdateService.lambda$updateVehicleDeletedAt$0:129 - Vehicle 12750806 marking as sold at 2024-06-05 20:36:21
[2024-06-13 00:03:38] [INFO] VehicleSoldUpdateService.updateVehicles:111 - Remaining 1949 of 2402 and batch 1 of 0
[2024-06-13 00:03:40] [INFO] VehicleSoldUpdateService.updateVehicles:88 - url: https://listings.platform.autotrader.com.au/api/v3/listings/12715658
[2024-06-13 00:03:40] [INFO] VehicleSoldUpdateService.lambda$updateVehicleDeletedAt$1:136 - Vehicle 12715658 found in live site
[2024-06-13 00:03:40] [INFO] VehicleSoldUpdateService.updateVehicles:111 - Remaining 1948 of 2402 and batch 1 of 0
[2024-06-13 00:03:42] [INFO] VehicleSoldUpdateService.updateVehicles:88 - url: https://listings.platform.autotrader.com.au/api/v3/listings/12677134
[2024-06-13 00:03:42] [INFO] VehicleSoldUpdateService.lambda$updateVehicleDeletedAt$0:129 - Vehicle 12677134 marking as sold at 2024-06-05 20:38:06
[2024-06-13 00:03:42] [INFO] VehicleSoldUpdateService.updateVehicles:111 - Remaining 1947 of 2402 and batch 1 of 0
[2024-06-13 00:03:44] [INFO] VehicleSoldUpdateService.updateVehicles:88 - url: https://listings.platform.autotrader.com.au/api/v3/listings/12568382
[2024-06-13 00:03:44] [INFO] VehicleSoldUpdateService.lambda$updateVehicleDeletedAt$1:136 - Vehicle 12568382 found in live site
[2024-06-13 00:03:44] [INFO] VehicleSoldUpdateService.updateVehicles:111 - Remaining 1946 of 2402 and batch 1 of 0
[2024-06-13 00:03:46] [INFO] VehicleSoldUpdateService.updateVehicles:88 - url: https://listings.platform.autotrader.com.au/api/v3/listings/12566380
[2024-06-13 00:03:46] [INFO] VehicleSoldUpdateService.lambda$updateVehicleDeletedAt$1:136 - Vehicle 12566380 found in live site
[2024-06-13 00:03:46] [INFO] VehicleSoldUpdateService.updateVehicles:111 - Remaining 1945 of 2402 and batch 1 of 0
[2024-06-13 00:03:48] [INFO] VehicleSoldUpdateService.updateVehicles:88 - url: https://listings.platform.autotrader.com.au/api/v3/listings/12555960
[2024-06-13 00:03:48] [INFO] VehicleSoldUpdateService.lambda$updateVehicleDeletedAt$1:136 - Vehicle 12555960 found in live site
[2024-06-13 00:03:48] [INFO] VehicleSoldUpdateService.updateVehicles:111 - Remaining 1944 of 2402 and batch 1 of 0
[2024-06-13 00:03:50] [INFO] VehicleSoldUpdateService.updateVehicles:88 - url: https://listings.platform.autotrader.com.au/api/v3/listings/12549853
[2024-06-13 00:03:50] [INFO] VehicleSoldUpdateService.lambda$updateVehicleDeletedAt$1:136 - Vehicle 12549853 found in live site
[2024-06-13 00:03:50] [INFO] VehicleSoldUpdateService.updateVehicles:111 - Remaining 1943 of 2402 and batch 1 of 0
[2024-06-13 00:03:52] [INFO] VehicleSoldUpdateService.updateVehicles:88 - url: https://listings.platform.autotrader.com.au/api/v3/listings/12546636
[2024-06-13 00:03:52] [INFO] VehicleSoldUpdateService.lambda$updateVehicleDeletedAt$0:129 - Vehicle 12546636 marking as sold at 2024-05-25 05:09:55
[2024-06-13 00:03:52] [INFO] VehicleSoldUpdateService.updateVehicles:111 - Remaining 1942 of 2402 and batch 1 of 0
[2024-06-13 00:03:54] [INFO] VehicleSoldUpdateService.updateVehicles:88 - url: https://listings.platform.autotrader.com.au/api/v3/listings/12534352
[2024-06-13 00:03:54] [INFO] VehicleSoldUpdateService.lambda$updateVehicleDeletedAt$1:136 - Vehicle 12534352 found in live site
[2024-06-13 00:03:54] [INFO] VehicleSoldUpdateService.updateVehicles:111 - Remaining 1941 of 2402 and batch 1 of 0
[2024-06-13 00:03:56] [INFO] VehicleSoldUpdateService.updateVehicles:88 - url: https://listings.platform.autotrader.com.au/api/v3/listings/12454688
[2024-06-13 00:03:56] [INFO] VehicleSoldUpdateService.lambda$updateVehicleDeletedAt$1:136 - Vehicle 12454688 found in live site
[2024-06-13 00:03:56] [INFO] VehicleSoldUpdateService.updateVehicles:111 - Remaining 1940 of 2402 and batch 1 of 0
[2024-06-13 00:03:58] [INFO] VehicleSoldUpdateService.updateVehicles:88 - url: https://listings.platform.autotrader.com.au/api/v3/listings/12917973
[2024-06-13 00:03:58] [INFO] VehicleSoldUpdateService.lambda$updateVehicleDeletedAt$1:136 - Vehicle 12917973 found in live site
[2024-06-13 00:03:58] [INFO] VehicleSoldUpdateService.updateVehicles:111 - Remaining 1939 of 2402 and batch 1 of 0
[2024-06-13 00:04:00] [INFO] VehicleSoldUpdateService.updateVehicles:88 - url: https://listings.platform.autotrader.com.au/api/v3/listings/13014401
[2024-06-13 00:04:00] [INFO] VehicleSoldUpdateService.lambda$updateVehicleDeletedAt$0:129 - Vehicle 13014401 marking as sold at 2024-06-03 21:06:21
[2024-06-13 00:04:00] [INFO] VehicleSoldUpdateService.updateVehicles:111 - Remaining 1938 of 2402 and batch 1 of 0
[2024-06-13 00:04:02] [INFO] VehicleSoldUpdateService.updateVehicles:88 - url: https://listings.platform.autotrader.com.au/api/v3/listings/12822268
[2024-06-13 00:04:02] [INFO] VehicleSoldUpdateService.lambda$updateVehicleDeletedAt$1:136 - Vehicle 12822268 found in live site
[2024-06-13 00:04:02] [INFO] VehicleSoldUpdateService.updateVehicles:111 - Remaining 1937 of 2402 and batch 1 of 0
[2024-06-13 00:04:04] [INFO] VehicleSoldUpdateService.updateVehicles:88 - url: https://listings.platform.autotrader.com.au/api/v3/listings/12805343
[2024-06-13 00:04:04] [INFO] VehicleSoldUpdateService.lambda$updateVehicleDeletedAt$1:136 - Vehicle 12805343 found in live site
[2024-06-13 00:04:04] [INFO] VehicleSoldUpdateService.updateVehicles:111 - Remaining 1936 of 2402 and batch 1 of 0
[2024-06-13 00:04:06] [INFO] VehicleSoldUpdateService.updateVehicles:88 - url: https://listings.platform.autotrader.com.au/api/v3/listings/12170470
[2024-06-13 00:04:06] [INFO] VehicleSoldUpdateService.lambda$updateVehicleDeletedAt$1:136 - Vehicle 12170470 found in live site
[2024-06-13 00:04:06] [INFO] VehicleSoldUpdateService.updateVehicles:111 - Remaining 1935 of 2402 and batch 1 of 0
[2024-06-13 00:04:08] [INFO] VehicleSoldUpdateService.updateVehicles:88 - url: https://listings.platform.autotrader.com.au/api/v3/listings/12170468
[2024-06-13 00:04:09] [INFO] VehicleSoldUpdateService.lambda$updateVehicleDeletedAt$0:129 - Vehicle 12170468 marking as sold at 2024-05-27 07:19:57
[2024-06-13 00:04:09] [INFO] VehicleSoldUpdateService.updateVehicles:111 - Remaining 1934 of 2402 and batch 1 of 0
[2024-06-13 00:04:10] [INFO] VehicleSoldUpdateService.updateVehicles:88 - url: https://listings.platform.autotrader.com.au/api/v3/listings/12300567
[2024-06-13 00:04:11] [INFO] VehicleSoldUpdateService.lambda$updateVehicleDeletedAt$1:136 - Vehicle 12300567 found in live site
[2024-06-13 00:04:11] [INFO] VehicleSoldUpdateService.updateVehicles:111 - Remaining 1933 of 2402 and batch 1 of 0
[2024-06-13 00:04:12] [INFO] VehicleSoldUpdateService.updateVehicles:88 - url: https://listings.platform.autotrader.com.au/api/v3/listings/12034828
[2024-06-13 00:04:13] [INFO] VehicleSoldUpdateService.lambda$updateVehicleDeletedAt$1:136 - Vehicle 12034828 found in live site
[2024-06-13 00:04:13] [INFO] VehicleSoldUpdateService.updateVehicles:111 - Remaining 1932 of 2402 and batch 1 of 0
[2024-06-13 00:04:14] [INFO] VehicleSoldUpdateService.updateVehicles:88 - url: https://listings.platform.autotrader.com.au/api/v3/listings/13597464
[2024-06-13 00:04:15] [INFO] VehicleSoldUpdateService.lambda$updateVehicleDeletedAt$1:136 - Vehicle 13597464 found in live site
[2024-06-13 00:04:15] [INFO] VehicleSoldUpdateService.updateVehicles:111 - Remaining 1931 of 2402 and batch 1 of 0
[2024-06-13 00:04:16] [INFO] VehicleSoldUpdateService.updateVehicles:88 - url: https://listings.platform.autotrader.com.au/api/v3/listings/12976070
[2024-06-13 00:04:17] [INFO] VehicleSoldUpdateService.lambda$updateVehicleDeletedAt$0:129 - Vehicle 12976070 marking as sold at 2024-06-02 02:12:37
[2024-06-13 00:04:17] [INFO] VehicleSoldUpdateService.updateVehicles:111 - Remaining 1930 of 2402 and batch 1 of 0
[2024-06-13 00:04:18] [INFO] VehicleSoldUpdateService.updateVehicles:88 - url: https://listings.platform.autotrader.com.au/api/v3/listings/13792848
[2024-06-13 00:04:19] [INFO] VehicleSoldUpdateService.lambda$updateVehicleDeletedAt$0:129 - Vehicle 13792848 marking as sold at 2024-06-09 00:32:07
[2024-06-13 00:04:19] [INFO] VehicleSoldUpdateService.updateVehicles:111 - Remaining 1929 of 2402 and batch 1 of 0
[2024-06-13 00:04:21] [INFO] VehicleSoldUpdateService.updateVehicles:88 - url: https://listings.platform.autotrader.com.au/api/v3/listings/13790291
[2024-06-13 00:04:21] [INFO] VehicleSoldUpdateService.lambda$updateVehicleDeletedAt$1:136 - Vehicle 13790291 found in live site
[2024-06-13 00:04:21] [INFO] VehicleSoldUpdateService.updateVehicles:111 - Remaining 1928 of 2402 and batch 1 of 0
[2024-06-13 00:04:23] [INFO] VehicleSoldUpdateService.updateVehicles:88 - url: https://listings.platform.autotrader.com.au/api/v3/listings/13785850
[2024-06-13 00:04:23] [INFO] VehicleSoldUpdateService.lambda$updateVehicleDeletedAt$1:136 - Vehicle 13785850 found in live site
[2024-06-13 00:04:23] [INFO] VehicleSoldUpdateService.updateVehicles:111 - Remaining 1927 of 2402 and batch 1 of 0
[2024-06-13 00:04:25] [INFO] VehicleSoldUpdateService.updateVehicles:88 - url: https://listings.platform.autotrader.com.au/api/v3/listings/13783306
[2024-06-13 00:04:25] [INFO] VehicleSoldUpdateService.lambda$updateVehicleDeletedAt$0:129 - Vehicle 13783306 marking as sold at 2024-06-11 21:11:19
[2024-06-13 00:04:25] [INFO] VehicleSoldUpdateService.updateVehicles:111 - Remaining 1926 of 2402 and batch 1 of 0
[2024-06-13 00:04:27] [INFO] VehicleSoldUpdateService.updateVehicles:88 - url: https://listings.platform.autotrader.com.au/api/v3/listings/13783305
[2024-06-13 00:04:27] [INFO] VehicleSoldUpdateService.lambda$updateVehicleDeletedAt$1:136 - Vehicle 13783305 found in live site
[2024-06-13 00:04:27] [INFO] VehicleSoldUpdateService.updateVehicles:111 - Remaining 1925 of 2402 and batch 1 of 0
[2024-06-13 00:04:29] [INFO] VehicleSoldUpdateService.updateVehicles:88 - url: https://listings.platform.autotrader.com.au/api/v3/listings/13782850
[2024-06-13 00:04:29] [INFO] VehicleSoldUpdateService.lambda$updateVehicleDeletedAt$1:136 - Vehicle 13782850 found in live site
[2024-06-13 00:04:29] [INFO] VehicleSoldUpdateService.updateVehicles:111 - Remaining 1924 of 2402 and batch 1 of 0
[2024-06-13 00:04:31] [INFO] VehicleSoldUpdateService.updateVehicles:88 - url: https://listings.platform.autotrader.com.au/api/v3/listings/13796122
[2024-06-13 00:04:31] [INFO] VehicleSoldUpdateService.lambda$updateVehicleDeletedAt$1:136 - Vehicle 13796122 found in live site
[2024-06-13 00:04:31] [INFO] VehicleSoldUpdateService.updateVehicles:111 - Remaining 1923 of 2402 and batch 1 of 0
[2024-06-13 00:04:33] [INFO] VehicleSoldUpdateService.updateVehicles:88 - url: https://listings.platform.autotrader.com.au/api/v3/listings/13797438
[2024-06-13 00:04:33] [INFO] VehicleSoldUpdateService.lambda$updateVehicleDeletedAt$1:136 - Vehicle 13797438 found in live site
[2024-06-13 00:04:33] [INFO] VehicleSoldUpdateService.updateVehicles:111 - Remaining 1922 of 2402 and batch 1 of 0
[2024-06-13 00:04:35] [INFO] VehicleSoldUpdateService.updateVehicles:88 - url: https://listings.platform.autotrader.com.au/api/v3/listings/13797437
[2024-06-13 00:04:35] [INFO] VehicleSoldUpdateService.lambda$updateVehicleDeletedAt$1:136 - Vehicle 13797437 found in live site
[2024-06-13 00:04:35] [INFO] VehicleSoldUpdateService.updateVehicles:111 - Remaining 1921 of 2402 and batch 1 of 0
[2024-06-13 00:04:37] [INFO] VehicleSoldUpdateService.updateVehicles:88 - url: https://listings.platform.autotrader.com.au/api/v3/listings/13799931
[2024-06-13 00:04:37] [INFO] VehicleSoldUpdateService.lambda$updateVehicleDeletedAt$1:136 - Vehicle 13799931 found in live site
[2024-06-13 00:04:37] [INFO] VehicleSoldUpdateService.updateVehicles:111 - Remaining 1920 of 2402 and batch 1 of 0
[2024-06-13 00:04:39] [INFO] VehicleSoldUpdateService.updateVehicles:88 - url: https://listings.platform.autotrader.com.au/api/v3/listings/13799930
[2024-06-13 00:04:39] [INFO] VehicleSoldUpdateService.lambda$updateVehicleDeletedAt$1:136 - Vehicle 13799930 found in live site
[2024-06-13 00:04:39] [INFO] VehicleSoldUpdateService.updateVehicles:111 - Remaining 1919 of 2402 and batch 1 of 0
[2024-06-13 00:04:41] [INFO] VehicleSoldUpdateService.updateVehicles:88 - url: https://listings.platform.autotrader.com.au/api/v3/listings/13802669
[2024-06-13 00:04:41] [INFO] VehicleSoldUpdateService.lambda$updateVehicleDeletedAt$1:136 - Vehicle 13802669 found in live site
[2024-06-13 00:04:41] [INFO] VehicleSoldUpdateService.updateVehicles:111 - Remaining 1918 of 2402 and batch 1 of 0
[2024-06-13 00:04:43] [INFO] VehicleSoldUpdateService.updateVehicles:88 - url: https://listings.platform.autotrader.com.au/api/v3/listings/13802668
[2024-06-13 00:04:43] [INFO] VehicleSoldUpdateService.lambda$updateVehicleDeletedAt$1:136 - Vehicle 13802668 found in live site
[2024-06-13 00:04:43] [INFO] VehicleSoldUpdateService.updateVehicles:111 - Remaining 1917 of 2402 and batch 1 of 0
[2024-06-13 00:04:45] [INFO] VehicleSoldUpdateService.updateVehicles:88 - url: https://listings.platform.autotrader.com.au/api/v3/listings/13805277
[2024-06-13 00:04:45] [INFO] VehicleSoldUpdateService.lambda$updateVehicleDeletedAt$1:136 - Vehicle 13805277 found in live site
[2024-06-13 00:04:45] [INFO] VehicleSoldUpdateService.updateVehicles:111 - Remaining 1916 of 2402 and batch 1 of 0
[2024-06-13 00:04:47] [INFO] VehicleSoldUpdateService.updateVehicles:88 - url: https://listings.platform.autotrader.com.au/api/v3/listings/13814752
[2024-06-13 00:04:47] [INFO] VehicleSoldUpdateService.lambda$updateVehicleDeletedAt$1:136 - Vehicle 13814752 found in live site
[2024-06-13 00:04:47] [INFO] VehicleSoldUpdateService.updateVehicles:111 - Remaining 1915 of 2402 and batch 1 of 0
[2024-06-13 00:04:49] [INFO] VehicleSoldUpdateService.updateVehicles:88 - url: https://listings.platform.autotrader.com.au/api/v3/listings/13814753
[2024-06-13 00:04:49] [INFO] VehicleSoldUpdateService.lambda$updateVehicleDeletedAt$1:136 - Vehicle 13814753 found in live site
[2024-06-13 00:04:49] [INFO] VehicleSoldUpdateService.updateVehicles:111 - Remaining 1914 of 2402 and batch 1 of 0
[2024-06-13 00:04:51] [INFO] VehicleSoldUpdateService.updateVehicles:88 - url: https://listings.platform.autotrader.com.au/api/v3/listings/13812684
[2024-06-13 00:04:51] [INFO] VehicleSoldUpdateService.lambda$updateVehicleDeletedAt$1:136 - Vehicle 13812684 found in live site
[2024-06-13 00:04:51] [INFO] VehicleSoldUpdateService.updateVehicles:111 - Remaining 1913 of 2402 and batch 1 of 0
[2024-06-13 00:04:53] [INFO] VehicleSoldUpdateService.updateVehicles:88 - url: https://listings.platform.autotrader.com.au/api/v3/listings/13811440
[2024-06-13 00:04:53] [INFO] VehicleSoldUpdateService.lambda$updateVehicleDeletedAt$1:136 - Vehicle 13811440 found in live site
[2024-06-13 00:04:53] [INFO] VehicleSoldUpdateService.updateVehicles:111 - Remaining 1912 of 2402 and batch 1 of 0
[2024-06-13 00:04:55] [INFO] VehicleSoldUpdateService.updateVehicles:88 - url: https://listings.platform.autotrader.com.au/api/v3/listings/13811439
[2024-06-13 00:04:55] [INFO] VehicleSoldUpdateService.lambda$updateVehicleDeletedAt$1:136 - Vehicle 13811439 found in live site
[2024-06-13 00:04:55] [INFO] VehicleSoldUpdateService.updateVehicles:111 - Remaining 1911 of 2402 and batch 1 of 0
[2024-06-13 00:04:57] [INFO] VehicleSoldUpdateService.updateVehicles:88 - url: https://listings.platform.autotrader.com.au/api/v3/listings/13811393
[2024-06-13 00:04:57] [INFO] VehicleSoldUpdateService.lambda$updateVehicleDeletedAt$1:136 - Vehicle 13811393 found in live site
[2024-06-13 00:04:57] [INFO] VehicleSoldUpdateService.updateVehicles:111 - Remaining 1910 of 2402 and batch 1 of 0
[2024-06-13 00:04:59] [INFO] VehicleSoldUpdateService.updateVehicles:88 - url: https://listings.platform.autotrader.com.au/api/v3/listings/13810323
[2024-06-13 00:04:59] [INFO] VehicleSoldUpdateService.lambda$updateVehicleDeletedAt$1:136 - Vehicle 13810323 found in live site
[2024-06-13 00:04:59] [INFO] VehicleSoldUpdateService.updateVehicles:111 - Remaining 1909 of 2402 and batch 1 of 0
[2024-06-13 00:05:01] [INFO] VehicleSoldUpdateService.updateVehicles:88 - url: https://listings.platform.autotrader.com.au/api/v3/listings/13810322
[2024-06-13 00:05:01] [INFO] VehicleSoldUpdateService.lambda$updateVehicleDeletedAt$1:136 - Vehicle 13810322 found in live site
[2024-06-13 00:05:01] [INFO] VehicleSoldUpdateService.updateVehicles:111 - Remaining 1908 of 2402 and batch 1 of 0
[2024-06-13 00:05:03] [INFO] VehicleSoldUpdateService.updateVehicles:88 - url: https://listings.platform.autotrader.com.au/api/v3/listings/13745428
[2024-06-13 00:05:03] [INFO] VehicleSoldUpdateService.lambda$updateVehicleDeletedAt$0:129 - Vehicle 13745428 marking as sold at 2024-05-08 09:08:50
[2024-06-13 00:05:03] [INFO] VehicleSoldUpdateService.updateVehicles:111 - Remaining 1907 of 2402 and batch 1 of 0
[2024-06-13 00:05:05] [INFO] VehicleSoldUpdateService.updateVehicles:88 - url: https://listings.platform.autotrader.com.au/api/v3/listings/13740141
[2024-06-13 00:05:05] [INFO] VehicleSoldUpdateService.lambda$updateVehicleDeletedAt$1:136 - Vehicle 13740141 found in live site
[2024-06-13 00:05:05] [INFO] VehicleSoldUpdateService.updateVehicles:111 - Remaining 1906 of 2402 and batch 1 of 0
[2024-06-13 00:05:07] [INFO] VehicleSoldUpdateService.updateVehicles:88 - url: https://listings.platform.autotrader.com.au/api/v3/listings/13732693
[2024-06-13 00:05:07] [INFO] VehicleSoldUpdateService.lambda$updateVehicleDeletedAt$0:129 - Vehicle 13732693 marking as sold at 2024-05-17 06:09:04
[2024-06-13 00:05:07] [INFO] VehicleSoldUpdateService.updateVehicles:111 - Remaining 1905 of 2402 and batch 1 of 0
[2024-06-13 00:05:09] [INFO] VehicleSoldUpdateService.updateVehicles:88 - url: https://listings.platform.autotrader.com.au/api/v3/listings/13719295
[2024-06-13 00:05:09] [INFO] VehicleSoldUpdateService.lambda$updateVehicleDeletedAt$0:129 - Vehicle 13719295 marking as sold at 2024-05-22 01:47:06
[2024-06-13 00:05:09] [INFO] VehicleSoldUpdateService.updateVehicles:111 - Remaining 1904 of 2402 and batch 1 of 0
[2024-06-13 00:05:11] [INFO] VehicleSoldUpdateService.updateVehicles:88 - url: https://listings.platform.autotrader.com.au/api/v3/listings/13718167
[2024-06-13 00:05:11] [INFO] VehicleSoldUpdateService.lambda$updateVehicleDeletedAt$0:129 - Vehicle 13718167 marking as sold at 2024-05-16 23:13:07
[2024-06-13 00:05:11] [INFO] VehicleSoldUpdateService.updateVehicles:111 - Remaining 1903 of 2402 and batch 1 of 0
[2024-06-13 00:05:13] [INFO] VehicleSoldUpdateService.updateVehicles:88 - url: https://listings.platform.autotrader.com.au/api/v3/listings/13717798
[2024-06-13 00:05:13] [INFO] VehicleSoldUpdateService.lambda$updateVehicleDeletedAt$1:136 - Vehicle 13717798 found in live site
[2024-06-13 00:05:13] [INFO] VehicleSoldUpdateService.updateVehicles:111 - Remaining 1902 of 2402 and batch 1 of 0
[2024-06-13 00:05:15] [INFO] VehicleSoldUpdateService.updateVehicles:88 - url: https://listings.platform.autotrader.com.au/api/v3/listings/13717521
[2024-06-13 00:05:15] [INFO] VehicleSoldUpdateService.lambda$updateVehicleDeletedAt$1:136 - Vehicle 13717521 found in live site
[2024-06-13 00:05:15] [INFO] VehicleSoldUpdateService.updateVehicles:111 - Remaining 1901 of 2402 and batch 1 of 0
[2024-06-13 00:05:17] [INFO] VehicleSoldUpdateService.updateVehicles:88 - url: https://listings.platform.autotrader.com.au/api/v3/listings/13717470
[2024-06-13 00:05:17] [INFO] VehicleSoldUpdateService.lambda$updateVehicleDeletedAt$1:136 - Vehicle 13717470 found in live site
[2024-06-13 00:05:17] [INFO] VehicleSoldUpdateService.updateVehicles:111 - Remaining 1900 of 2402 and batch 1 of 0
[2024-06-13 00:05:19] [INFO] VehicleSoldUpdateService.updateVehicles:88 - url: https://listings.platform.autotrader.com.au/api/v3/listings/13710682
[2024-06-13 00:05:19] [INFO] VehicleSoldUpdateService.lambda$updateVehicleDeletedAt$1:136 - Vehicle 13710682 found in live site
[2024-06-13 00:05:19] [INFO] VehicleSoldUpdateService.updateVehicles:111 - Remaining 1899 of 2402 and batch 1 of 0
[2024-06-13 00:05:21] [INFO] VehicleSoldUpdateService.updateVehicles:88 - url: https://listings.platform.autotrader.com.au/api/v3/listings/13694052
[2024-06-13 00:05:21] [INFO] VehicleSoldUpdateService.lambda$updateVehicleDeletedAt$1:136 - Vehicle 13694052 found in live site
[2024-06-13 00:05:21] [INFO] VehicleSoldUpdateService.updateVehicles:111 - Remaining 1898 of 2402 and batch 1 of 0
[2024-06-13 00:05:23] [INFO] VehicleSoldUpdateService.updateVehicles:88 - url: https://listings.platform.autotrader.com.au/api/v3/listings/13693575
[2024-06-13 00:05:23] [INFO] VehicleSoldUpdateService.lambda$updateVehicleDeletedAt$0:129 - Vehicle 13693575 marking as sold at 2024-06-05 04:52:31
[2024-06-13 00:05:23] [INFO] VehicleSoldUpdateService.updateVehicles:111 - Remaining 1897 of 2402 and batch 1 of 0
[2024-06-13 00:05:25] [INFO] VehicleSoldUpdateService.updateVehicles:88 - url: https://listings.platform.autotrader.com.au/api/v3/listings/13693574
[2024-06-13 00:05:25] [INFO] VehicleSoldUpdateService.lambda$updateVehicleDeletedAt$0:129 - Vehicle 13693574 marking as sold at 2024-05-27 02:54:14
[2024-06-13 00:05:25] [INFO] VehicleSoldUpdateService.updateVehicles:111 - Remaining 1896 of 2402 and batch 1 of 0
[2024-06-13 00:05:27] [INFO] VehicleSoldUpdateService.updateVehicles:88 - url: https://listings.platform.autotrader.com.au/api/v3/listings/13693572
[2024-06-13 00:05:27] [INFO] VehicleSoldUpdateService.lambda$updateVehicleDeletedAt$0:129 - Vehicle 13693572 marking as sold at 2024-05-14 05:58:23
[2024-06-13 00:05:27] [INFO] VehicleSoldUpdateService.updateVehicles:111 - Remaining 1895 of 2402 and batch 1 of 0
[2024-06-13 00:05:29] [INFO] VehicleSoldUpdateService.updateVehicles:88 - url: https://listings.platform.autotrader.com.au/api/v3/listings/13692677
[2024-06-13 00:05:29] [INFO] VehicleSoldUpdateService.lambda$updateVehicleDeletedAt$0:129 - Vehicle 13692677 marking as sold at 2024-05-13 01:38:43
[2024-06-13 00:05:29] [INFO] VehicleSoldUpdateService.updateVehicles:111 - Remaining 1894 of 2402 and batch 1 of 0
[2024-06-13 00:05:31] [INFO] VehicleSoldUpdateService.updateVehicles:88 - url: https://listings.platform.autotrader.com.au/api/v3/listings/13690130
[2024-06-13 00:05:32] [INFO] VehicleSoldUpdateService.lambda$updateVehicleDeletedAt$1:136 - Vehicle 13690130 found in live site
[2024-06-13 00:05:32] [INFO] VehicleSoldUpdateService.updateVehicles:111 - Remaining 1893 of 2402 and batch 1 of 0
[2024-06-13 00:05:33] [INFO] VehicleSoldUpdateService.updateVehicles:88 - url: https://listings.platform.autotrader.com.au/api/v3/listings/13688419
[2024-06-13 00:05:33] [INFO] VehicleSoldUpdateService.lambda$updateVehicleDeletedAt$0:129 - Vehicle 13688419 marking as sold at 2024-05-28 23:47:45
[2024-06-13 00:05:34] [INFO] VehicleSoldUpdateService.updateVehicles:111 - Remaining 1892 of 2402 and batch 1 of 0
[2024-06-13 00:05:35] [INFO] VehicleSoldUpdateService.updateVehicles:88 - url: https://listings.platform.autotrader.com.au/api/v3/listings/13687609
[2024-06-13 00:05:35] [INFO] VehicleSoldUpdateService.lambda$updateVehicleDeletedAt$0:129 - Vehicle 13687609 marking as sold at 2024-05-11 07:33:30
[2024-06-13 00:05:35] [INFO] VehicleSoldUpdateService.updateVehicles:111 - Remaining 1891 of 2402 and batch 1 of 0
[2024-06-13 00:05:37] [INFO] VehicleSoldUpdateService.updateVehicles:88 - url: https://listings.platform.autotrader.com.au/api/v3/listings/13645483
[2024-06-13 00:05:37] [INFO] VehicleSoldUpdateService.lambda$updateVehicleDeletedAt$0:129 - Vehicle 13645483 marking as sold at 2024-06-08 01:38:06
[2024-06-13 00:05:38] [INFO] VehicleSoldUpdateService.updateVehicles:111 - Remaining 1890 of 2402 and batch 1 of 0
[2024-06-13 00:05:39] [INFO] VehicleSoldUpdateService.updateVehicles:88 - url: https://listings.platform.autotrader.com.au/api/v3/listings/13628363
[2024-06-13 00:05:39] [INFO] VehicleSoldUpdateService.lambda$updateVehicleDeletedAt$0:129 - Vehicle 13628363 marking as sold at 2024-05-11 04:46:58
[2024-06-13 00:05:40] [INFO] VehicleSoldUpdateService.updateVehicles:111 - Remaining 1889 of 2402 and batch 1 of 0
[2024-06-13 00:05:41] [INFO] VehicleSoldUpdateService.updateVehicles:88 - url: https://listings.platform.autotrader.com.au/api/v3/listings/13628361
[2024-06-13 00:05:41] [INFO] VehicleSoldUpdateService.lambda$updateVehicleDeletedAt$1:136 - Vehicle 13628361 found in live site
[2024-06-13 00:05:41] [INFO] VehicleSoldUpdateService.updateVehicles:111 - Remaining 1888 of 2402 and batch 1 of 0
[2024-06-13 00:05:43] [INFO] VehicleSoldUpdateService.updateVehicles:88 - url: https://listings.platform.autotrader.com.au/api/v3/listings/13628338
[2024-06-13 00:05:43] [INFO] VehicleSoldUpdateService.lambda$updateVehicleDeletedAt$0:129 - Vehicle 13628338 marking as sold at 2024-05-14 07:43:14
[2024-06-13 00:05:43] [INFO] VehicleSoldUpdateService.updateVehicles:111 - Remaining 1887 of 2402 and batch 1 of 0
[2024-06-13 00:05:45] [INFO] VehicleSoldUpdateService.updateVehicles:88 - url: https://listings.platform.autotrader.com.au/api/v3/listings/13628335
[2024-06-13 00:05:45] [INFO] VehicleSoldUpdateService.lambda$updateVehicleDeletedAt$1:136 - Vehicle 13628335 found in live site
[2024-06-13 00:05:45] [INFO] VehicleSoldUpdateService.updateVehicles:111 - Remaining 1886 of 2402 and batch 1 of 0
[2024-06-13 00:05:47] [INFO] VehicleSoldUpdateService.updateVehicles:88 - url: https://listings.platform.autotrader.com.au/api/v3/listings/13628337
[2024-06-13 00:05:47] [INFO] VehicleSoldUpdateService.lambda$updateVehicleDeletedAt$1:136 - Vehicle 13628337 found in live site
[2024-06-13 00:05:47] [INFO] VehicleSoldUpdateService.updateVehicles:111 - Remaining 1885 of 2402 and batch 1 of 0
[2024-06-13 00:05:49] [INFO] VehicleSoldUpdateService.updateVehicles:88 - url: https://listings.platform.autotrader.com.au/api/v3/listings/13628336
[2024-06-13 00:05:49] [INFO] VehicleSoldUpdateService.lambda$updateVehicleDeletedAt$1:136 - Vehicle 13628336 found in live site
[2024-06-13 00:05:49] [INFO] VehicleSoldUpdateService.updateVehicles:111 - Remaining 1884 of 2402 and batch 1 of 0
[2024-06-13 00:05:51] [INFO] VehicleSoldUpdateService.updateVehicles:88 - url: https://listings.platform.autotrader.com.au/api/v3/listings/13628316
[2024-06-13 00:05:51] [INFO] VehicleSoldUpdateService.lambda$updateVehicleDeletedAt$1:136 - Vehicle 13628316 found in live site
[2024-06-13 00:05:51] [INFO] VehicleSoldUpdateService.updateVehicles:111 - Remaining 1883 of 2402 and batch 1 of 0
[2024-06-13 00:05:53] [INFO] VehicleSoldUpdateService.updateVehicles:88 - url: https://listings.platform.autotrader.com.au/api/v3/listings/13628314
[2024-06-13 00:05:53] [INFO] VehicleSoldUpdateService.lambda$updateVehicleDeletedAt$1:136 - Vehicle 13628314 found in live site
[2024-06-13 00:05:53] [INFO] VehicleSoldUpdateService.updateVehicles:111 - Remaining 1882 of 2402 and batch 1 of 0
[2024-06-13 00:05:55] [INFO] VehicleSoldUpdateService.updateVehicles:88 - url: https://listings.platform.autotrader.com.au/api/v3/listings/13628311
[2024-06-13 00:05:55] [INFO] VehicleSoldUpdateService.lambda$updateVehicleDeletedAt$0:129 - Vehicle 13628311 marking as sold at 2024-05-18 03:15:05
[2024-06-13 00:05:55] [INFO] VehicleSoldUpdateService.updateVehicles:111 - Remaining 1881 of 2402 and batch 1 of 0
[2024-06-13 00:05:57] [INFO] VehicleSoldUpdateService.updateVehicles:88 - url: https://listings.platform.autotrader.com.au/api/v3/listings/13603801
[2024-06-13 00:05:57] [INFO] VehicleSoldUpdateService.lambda$updateVehicleDeletedAt$1:136 - Vehicle 13603801 found in live site
[2024-06-13 00:05:57] [INFO] VehicleSoldUpdateService.updateVehicles:111 - Remaining 1880 of 2402 and batch 1 of 0
[2024-06-13 00:05:59] [INFO] VehicleSoldUpdateService.updateVehicles:88 - url: https://listings.platform.autotrader.com.au/api/v3/listings/13493329
[2024-06-13 00:05:59] [INFO] VehicleSoldUpdateService.lambda$updateVehicleDeletedAt$1:136 - Vehicle 13493329 found in live site
[2024-06-13 00:05:59] [INFO] VehicleSoldUpdateService.updateVehicles:111 - Remaining 1879 of 2402 and batch 1 of 0
[2024-06-13 00:06:01] [INFO] VehicleSoldUpdateService.updateVehicles:88 - url: https://listings.platform.autotrader.com.au/api/v3/listings/13495517
[2024-06-13 00:06:01] [INFO] VehicleSoldUpdateService.lambda$updateVehicleDeletedAt$0:129 - Vehicle 13495517 marking as sold at 2024-05-13 05:28:52
[2024-06-13 00:06:01] [INFO] VehicleSoldUpdateService.updateVehicles:111 - Remaining 1878 of 2402 and batch 1 of 0
[2024-06-13 00:06:03] [INFO] VehicleSoldUpdateService.updateVehicles:88 - url: https://listings.platform.autotrader.com.au/api/v3/listings/13502380
[2024-06-13 00:06:03] [INFO] VehicleSoldUpdateService.lambda$updateVehicleDeletedAt$0:129 - Vehicle 13502380 marking as sold at 2024-06-08 05:27:27
[2024-06-13 00:06:04] [INFO] VehicleSoldUpdateService.updateVehicles:111 - Remaining 1877 of 2402 and batch 1 of 0
[2024-06-13 00:06:05] [INFO] VehicleSoldUpdateService.updateVehicles:88 - url: https://listings.platform.autotrader.com.au/api/v3/listings/13222196
[2024-06-13 00:06:06] [INFO] VehicleSoldUpdateService.lambda$updateVehicleDeletedAt$1:136 - Vehicle 13222196 found in live site
[2024-06-13 00:06:06] [INFO] VehicleSoldUpdateService.updateVehicles:111 - Remaining 1876 of 2402 and batch 1 of 0
[2024-06-13 00:06:07] [INFO] VehicleSoldUpdateService.updateVehicles:88 - url: https://listings.platform.autotrader.com.au/api/v3/listings/13363557
[2024-06-13 00:06:07] [INFO] VehicleSoldUpdateService.lambda$updateVehicleDeletedAt$1:136 - Vehicle 13363557 found in live site
[2024-06-13 00:06:07] [INFO] VehicleSoldUpdateService.updateVehicles:111 - Remaining 1875 of 2402 and batch 1 of 0
[2024-06-13 00:06:09] [INFO] VehicleSoldUpdateService.updateVehicles:88 - url: https://listings.platform.autotrader.com.au/api/v3/listings/13485945
[2024-06-13 00:06:09] [INFO] VehicleSoldUpdateService.lambda$updateVehicleDeletedAt$1:136 - Vehicle 13485945 found in live site
[2024-06-13 00:06:09] [INFO] VehicleSoldUpdateService.updateVehicles:111 - Remaining 1874 of 2402 and batch 1 of 0
[2024-06-13 00:06:11] [INFO] VehicleSoldUpdateService.updateVehicles:88 - url: https://listings.platform.autotrader.com.au/api/v3/listings/13417397
[2024-06-13 00:06:11] [INFO] VehicleSoldUpdateService.lambda$updateVehicleDeletedAt$0:129 - Vehicle 13417397 marking as sold at 2024-06-06 06:25:40
[2024-06-13 00:06:12] [INFO] VehicleSoldUpdateService.updateVehicles:111 - Remaining 1873 of 2402 and batch 1 of 0
[2024-06-13 00:06:13] [INFO] VehicleSoldUpdateService.updateVehicles:88 - url: https://listings.platform.autotrader.com.au/api/v3/listings/13392121
[2024-06-13 00:06:13] [INFO] VehicleSoldUpdateService.lambda$updateVehicleDeletedAt$0:129 - Vehicle 13392121 marking as sold at 2024-05-23 23:12:33
[2024-06-13 00:06:14] [INFO] VehicleSoldUpdateService.updateVehicles:111 - Remaining 1872 of 2402 and batch 1 of 0
[2024-06-13 00:06:15] [INFO] VehicleSoldUpdateService.updateVehicles:88 - url: https://listings.platform.autotrader.com.au/api/v3/listings/13579066
[2024-06-13 00:06:16] [INFO] VehicleSoldUpdateService.lambda$updateVehicleDeletedAt$0:129 - Vehicle 13579066 marking as sold at 2024-05-11 02:14:22
[2024-06-13 00:06:16] [INFO] VehicleSoldUpdateService.updateVehicles:111 - Remaining 1871 of 2402 and batch 1 of 0
[2024-06-13 00:06:17] [INFO] VehicleSoldUpdateService.updateVehicles:88 - url: https://listings.platform.autotrader.com.au/api/v3/listings/13553775
[2024-06-13 00:06:18] [INFO] VehicleSoldUpdateService.lambda$updateVehicleDeletedAt$1:136 - Vehicle 13553775 found in live site
[2024-06-13 00:06:18] [INFO] VehicleSoldUpdateService.updateVehicles:111 - Remaining 1870 of 2402 and batch 1 of 0
[2024-06-13 00:06:19] [INFO] VehicleSoldUpdateService.updateVehicles:88 - url: https://listings.platform.autotrader.com.au/api/v3/listings/13579049
[2024-06-13 00:06:20] [INFO] VehicleSoldUpdateService.lambda$updateVehicleDeletedAt$1:136 - Vehicle 13579049 found in live site
[2024-06-13 00:06:20] [INFO] VehicleSoldUpdateService.updateVehicles:111 - Remaining 1869 of 2402 and batch 1 of 0
[2024-06-13 00:06:21] [INFO] VehicleSoldUpdateService.updateVehicles:88 - url: https://listings.platform.autotrader.com.au/api/v3/listings/13563164
[2024-06-13 00:06:22] [INFO] VehicleSoldUpdateService.lambda$updateVehicleDeletedAt$1:136 - Vehicle 13563164 found in live site
[2024-06-13 00:06:22] [INFO] VehicleSoldUpdateService.updateVehicles:111 - Remaining 1868 of 2402 and batch 1 of 0
[2024-06-13 00:06:23] [INFO] VehicleSoldUpdateService.updateVehicles:88 - url: https://listings.platform.autotrader.com.au/api/v3/listings/13421037
[2024-06-13 00:06:24] [INFO] VehicleSoldUpdateService.lambda$updateVehicleDeletedAt$0:129 - Vehicle 13421037 marking as sold at 2024-05-23 01:43:14
[2024-06-13 00:06:24] [INFO] VehicleSoldUpdateService.updateVehicles:111 - Remaining 1867 of 2402 and batch 1 of 0
[2024-06-13 00:06:25] [INFO] VehicleSoldUpdateService.updateVehicles:88 - url: https://listings.platform.autotrader.com.au/api/v3/listings/13329985
[2024-06-13 00:06:26] [INFO] VehicleSoldUpdateService.lambda$updateVehicleDeletedAt$1:136 - Vehicle 13329985 found in live site
[2024-06-13 00:06:26] [INFO] VehicleSoldUpdateService.updateVehicles:111 - Remaining 1866 of 2402 and batch 1 of 0
[2024-06-13 00:06:27] [INFO] VehicleSoldUpdateService.updateVehicles:88 - url: https://listings.platform.autotrader.com.au/api/v3/listings/13246295
[2024-06-13 00:06:27] [INFO] VehicleSoldUpdateService.lambda$updateVehicleDeletedAt$1:136 - Vehicle 13246295 found in live site
[2024-06-13 00:06:27] [INFO] VehicleSoldUpdateService.updateVehicles:111 - Remaining 1865 of 2402 and batch 1 of 0
[2024-06-13 00:06:29] [INFO] VehicleSoldUpdateService.updateVehicles:88 - url: https://listings.platform.autotrader.com.au/api/v3/listings/13433047
[2024-06-13 00:06:29] [INFO] VehicleSoldUpdateService.lambda$updateVehicleDeletedAt$1:136 - Vehicle 13433047 found in live site
[2024-06-13 00:06:29] [INFO] VehicleSoldUpdateService.updateVehicles:111 - Remaining 1864 of 2402 and batch 1 of 0
[2024-06-13 00:06:31] [INFO] VehicleSoldUpdateService.updateVehicles:88 - url: https://listings.platform.autotrader.com.au/api/v3/listings/13283394
[2024-06-13 00:06:31] [INFO] VehicleSoldUpdateService.lambda$updateVehicleDeletedAt$1:136 - Vehicle 13283394 found in live site
[2024-06-13 00:06:31] [INFO] VehicleSoldUpdateService.updateVehicles:111 - Remaining 1863 of 2402 and batch 1 of 0
[2024-06-13 00:06:33] [INFO] VehicleSoldUpdateService.updateVehicles:88 - url: https://listings.platform.autotrader.com.au/api/v3/listings/13579065
[2024-06-13 00:06:33] [INFO] VehicleSoldUpdateService.lambda$updateVehicleDeletedAt$0:129 - Vehicle 13579065 marking as sold at 2024-05-31 01:43:02
[2024-06-13 00:06:34] [INFO] VehicleSoldUpdateService.updateVehicles:111 - Remaining 1862 of 2402 and batch 1 of 0
[2024-06-13 00:06:35] [INFO] VehicleSoldUpdateService.updateVehicles:88 - url: https://listings.platform.autotrader.com.au/api/v3/listings/13559528
[2024-06-13 00:06:35] [INFO] VehicleSoldUpdateService.lambda$updateVehicleDeletedAt$1:136 - Vehicle 13559528 found in live site
[2024-06-13 00:06:35] [INFO] VehicleSoldUpdateService.updateVehicles:111 - Remaining 1861 of 2402 and batch 1 of 0
[2024-06-13 00:06:37] [INFO] VehicleSoldUpdateService.updateVehicles:88 - url: https://listings.platform.autotrader.com.au/api/v3/listings/13454450
[2024-06-13 00:06:37] [INFO] VehicleSoldUpdateService.lambda$updateVehicleDeletedAt$1:136 - Vehicle 13454450 found in live site
[2024-06-13 00:06:37] [INFO] VehicleSoldUpdateService.updateVehicles:111 - Remaining 1860 of 2402 and batch 1 of 0
[2024-06-13 00:06:39] [INFO] VehicleSoldUpdateService.updateVehicles:88 - url: https://listings.platform.autotrader.com.au/api/v3/listings/13491374
[2024-06-13 00:06:39] [INFO] VehicleSoldUpdateService.lambda$updateVehicleDeletedAt$0:129 - Vehicle 13491374 marking as sold at 2024-05-27 02:54:15
[2024-06-13 00:06:39] [INFO] VehicleSoldUpdateService.updateVehicles:111 - Remaining 1859 of 2402 and batch 1 of 0
[2024-06-13 00:06:41] [INFO] VehicleSoldUpdateService.updateVehicles:88 - url: https://listings.platform.autotrader.com.au/api/v3/listings/13276861
[2024-06-13 00:06:41] [INFO] VehicleSoldUpdateService.lambda$updateVehicleDeletedAt$1:136 - Vehicle 13276861 found in live site
[2024-06-13 00:06:41] [INFO] VehicleSoldUpdateService.updateVehicles:111 - Remaining 1858 of 2402 and batch 1 of 0
[2024-06-13 00:06:43] [INFO] VehicleSoldUpdateService.updateVehicles:88 - url: https://listings.platform.autotrader.com.au/api/v3/listings/13518613
[2024-06-13 00:06:43] [INFO] VehicleSoldUpdateService.lambda$updateVehicleDeletedAt$0:129 - Vehicle 13518613 marking as sold at 2024-06-04 04:51:02
[2024-06-13 00:06:43] [INFO] VehicleSoldUpdateService.updateVehicles:111 - Remaining 1857 of 2402 and batch 1 of 0
[2024-06-13 00:06:45] [INFO] VehicleSoldUpdateService.updateVehicles:88 - url: https://listings.platform.autotrader.com.au/api/v3/listings/13603978
[2024-06-13 00:06:45] [INFO] VehicleSoldUpdateService.lambda$updateVehicleDeletedAt$1:136 - Vehicle 13603978 found in live site
[2024-06-13 00:06:45] [INFO] VehicleSoldUpdateService.updateVehicles:111 - Remaining 1856 of 2402 and batch 1 of 0
[2024-06-13 00:06:47] [INFO] VehicleSoldUpdateService.updateVehicles:88 - url: https://listings.platform.autotrader.com.au/api/v3/listings/13485946
[2024-06-13 00:06:47] [INFO] VehicleSoldUpdateService.lambda$updateVehicleDeletedAt$0:129 - Vehicle 13485946 marking as sold at 2024-05-09 01:38:19
[2024-06-13 00:06:48] [INFO] VehicleSoldUpdateService.updateVehicles:111 - Remaining 1855 of 2402 and batch 1 of 0
[2024-06-13 00:06:49] [INFO] VehicleSoldUpdateService.updateVehicles:88 - url: https://listings.platform.autotrader.com.au/api/v3/listings/13283398
[2024-06-13 00:06:50] [INFO] VehicleSoldUpdateService.lambda$updateVehicleDeletedAt$1:136 - Vehicle 13283398 found in live site
[2024-06-13 00:06:50] [INFO] VehicleSoldUpdateService.updateVehicles:111 - Remaining 1854 of 2402 and batch 1 of 0
[2024-06-13 00:06:51] [INFO] VehicleSoldUpdateService.updateVehicles:88 - url: https://listings.platform.autotrader.com.au/api/v3/listings/13180960
[2024-06-13 00:06:52] [INFO] VehicleSoldUpdateService.lambda$updateVehicleDeletedAt$1:136 - Vehicle 13180960 found in live site
[2024-06-13 00:06:52] [INFO] VehicleSoldUpdateService.updateVehicles:111 - Remaining 1853 of 2402 and batch 1 of 0
[2024-06-13 00:06:53] [INFO] VehicleSoldUpdateService.updateVehicles:88 - url: https://listings.platform.autotrader.com.au/api/v3/listings/13427737
[2024-06-13 00:06:54] [INFO] VehicleSoldUpdateService.lambda$updateVehicleDeletedAt$1:136 - Vehicle 13427737 found in live site
[2024-06-13 00:06:54] [INFO] VehicleSoldUpdateService.updateVehicles:111 - Remaining 1852 of 2402 and batch 1 of 0
[2024-06-13 00:06:55] [INFO] VehicleSoldUpdateService.updateVehicles:88 - url: https://listings.platform.autotrader.com.au/api/v3/listings/13717471
[2024-06-13 00:06:56] [INFO] VehicleSoldUpdateService.lambda$updateVehicleDeletedAt$1:136 - Vehicle 13717471 found in live site
[2024-06-13 00:06:56] [INFO] VehicleSoldUpdateService.updateVehicles:111 - Remaining 1851 of 2402 and batch 1 of 0
[2024-06-13 00:06:57] [INFO] VehicleSoldUpdateService.updateVehicles:88 - url: https://listings.platform.autotrader.com.au/api/v3/listings/13693573
[2024-06-13 00:06:58] [INFO] VehicleSoldUpdateService.lambda$updateVehicleDeletedAt$0:129 - Vehicle 13693573 marking as sold at 2024-05-22 03:03:34
[2024-06-13 00:06:58] [INFO] VehicleSoldUpdateService.updateVehicles:111 - Remaining 1850 of 2402 and batch 1 of 0
[2024-06-13 00:06:59] [INFO] VehicleSoldUpdateService.updateVehicles:88 - url: https://listings.platform.autotrader.com.au/api/v3/listings/13547557
[2024-06-13 00:22:40] [INFO] VehicleSoldUpdateService.lambda$updateVehicleDeletedAt$1:136 - Vehicle 13547557 found in live site
[2024-06-13 00:22:40] [INFO] VehicleSoldUpdateService.updateVehicles:111 - Remaining 1849 of 2402 and batch 1 of 0
[2024-06-13 00:22:41] [INFO] VehicleSoldUpdateService.updateVehicles:88 - url: https://listings.platform.autotrader.com.au/api/v3/listings/13151616
[2024-06-13 00:22:42] [INFO] VehicleSoldUpdateService.lambda$updateVehicleDeletedAt$0:129 - Vehicle 13151616 marking as sold at 2024-05-23 23:12:33
[2024-06-13 00:22:42] [INFO] VehicleSoldUpdateService.updateVehicles:111 - Remaining 1848 of 2402 and batch 1 of 0
[2024-06-13 00:22:44] [INFO] VehicleSoldUpdateService.updateVehicles:88 - url: https://listings.platform.autotrader.com.au/api/v3/listings/13305326
[2024-06-13 00:22:44] [INFO] VehicleSoldUpdateService.lambda$updateVehicleDeletedAt$1:136 - Vehicle 13305326 found in live site
[2024-06-13 00:22:44] [INFO] VehicleSoldUpdateService.updateVehicles:111 - Remaining 1847 of 2402 and batch 1 of 0
[2024-06-13 00:22:46] [INFO] VehicleSoldUpdateService.updateVehicles:88 - url: https://listings.platform.autotrader.com.au/api/v3/listings/13296148
[2024-06-13 00:22:46] [INFO] VehicleSoldUpdateService.lambda$updateVehicleDeletedAt$1:136 - Vehicle 13296148 found in live site
[2024-06-13 00:22:46] [INFO] VehicleSoldUpdateService.updateVehicles:111 - Remaining 1846 of 2402 and batch 1 of 0
[2024-06-13 00:22:48] [INFO] VehicleSoldUpdateService.updateVehicles:88 - url: https://listings.platform.autotrader.com.au/api/v3/listings/13172394
[2024-06-13 00:22:48] [INFO] VehicleSoldUpdateService.lambda$updateVehicleDeletedAt$1:136 - Vehicle 13172394 found in live site
[2024-06-13 00:22:48] [INFO] VehicleSoldUpdateService.updateVehicles:111 - Remaining 1845 of 2402 and batch 1 of 0
[2024-06-13 00:22:50] [INFO] VehicleSoldUpdateService.updateVehicles:88 - url: https://listings.platform.autotrader.com.au/api/v3/listings/13090089
[2024-06-13 00:22:50] [INFO] VehicleSoldUpdateService.lambda$updateVehicleDeletedAt$0:129 - Vehicle 13090089 marking as sold at 2024-05-23 05:22:41
[2024-06-13 00:22:50] [INFO] VehicleSoldUpdateService.updateVehicles:111 - Remaining 1844 of 2402 and batch 1 of 0
[2024-06-13 00:22:52] [INFO] VehicleSoldUpdateService.updateVehicles:88 - url: https://listings.platform.autotrader.com.au/api/v3/listings/13579068
[2024-06-13 00:22:52] [INFO] VehicleSoldUpdateService.lambda$updateVehicleDeletedAt$0:129 - Vehicle 13579068 marking as sold at 2024-05-17 01:40:49
[2024-06-13 00:22:53] [INFO] VehicleSoldUpdateService.updateVehicles:111 - Remaining 1843 of 2402 and batch 1 of 0
[2024-06-13 00:22:54] [INFO] VehicleSoldUpdateService.updateVehicles:88 - url: https://listings.platform.autotrader.com.au/api/v3/listings/13603969
[2024-06-13 00:22:55] [INFO] VehicleSoldUpdateService.lambda$updateVehicleDeletedAt$0:129 - Vehicle 13603969 marking as sold at 2024-06-11 02:01:47
[2024-06-13 00:22:55] [INFO] VehicleSoldUpdateService.updateVehicles:111 - Remaining 1842 of 2402 and batch 1 of 0
[2024-06-13 00:40:46] [INFO] VehicleSoldUpdateService.updateVehicles:88 - url: https://listings.platform.autotrader.com.au/api/v3/listings/13579055
[2024-06-13 00:40:47] [INFO] VehicleSoldUpdateService.lambda$updateVehicleDeletedAt$1:136 - Vehicle 13579055 found in live site
[2024-06-13 00:40:47] [INFO] VehicleSoldUpdateService.updateVehicles:111 - Remaining 1841 of 2402 and batch 1 of 0
[2024-06-13 00:40:49] [INFO] VehicleSoldUpdateService.updateVehicles:88 - url: https://listings.platform.autotrader.com.au/api/v3/listings/13004467
[2024-06-13 00:40:49] [INFO] VehicleSoldUpdateService.lambda$updateVehicleDeletedAt$0:129 - Vehicle 13004467 marking as sold at 2024-05-18 03:15:07
[2024-06-13 00:40:49] [INFO] VehicleSoldUpdateService.updateVehicles:111 - Remaining 1840 of 2402 and batch 1 of 0
[2024-06-13 00:40:50] [WARN] HikariPool.run:804 - HikariPool-2 - Thread starvation or clock leap detected (housekeeper delta=33m59s29ms).
[2024-06-13 00:40:51] [INFO] VehicleSoldUpdateService.updateVehicles:88 - url: https://listings.platform.autotrader.com.au/api/v3/listings/12950399
[2024-06-13 00:55:56] [INFO] VehicleSoldUpdateService.lambda$updateVehicleDeletedAt$0:129 - Vehicle 12950399 marking as sold at 2024-05-25 04:45:05
[2024-06-13 00:55:56] [INFO] VehicleSoldUpdateService.updateVehicles:111 - Remaining 1839 of 2402 and batch 1 of 0
[2024-06-13 00:55:58] [INFO] VehicleSoldUpdateService.updateVehicles:88 - url: https://listings.platform.autotrader.com.au/api/v3/listings/13603973
[2024-06-13 00:55:59] [INFO] VehicleSoldUpdateService.lambda$updateVehicleDeletedAt$1:136 - Vehicle 13603973 found in live site
[2024-06-13 00:55:59] [INFO] VehicleSoldUpdateService.updateVehicles:111 - Remaining 1838 of 2402 and batch 1 of 0
[2024-06-13 01:13:30] [INFO] VehicleSoldUpdateService.updateVehicles:88 - url: https://listings.platform.autotrader.com.au/api/v3/listings/13603970
[2024-06-13 01:13:31] [INFO] VehicleSoldUpdateService.lambda$updateVehicleDeletedAt$0:129 - Vehicle 13603970 marking as sold at 2024-05-10 07:38:14
[2024-06-13 01:13:31] [INFO] VehicleSoldUpdateService.updateVehicles:111 - Remaining 1837 of 2402 and batch 1 of 0
[2024-06-13 01:13:32] [INFO] VehicleSoldUpdateService.updateVehicles:88 - url: https://listings.platform.autotrader.com.au/api/v3/listings/13603976
[2024-06-13 01:13:33] [INFO] VehicleSoldUpdateService.lambda$updateVehicleDeletedAt$0:129 - Vehicle 13603976 marking as sold at 2024-05-28 07:58:52
[2024-06-13 01:13:33] [INFO] VehicleSoldUpdateService.updateVehicles:111 - Remaining 1836 of 2402 and batch 1 of 0
[2024-06-13 01:29:35] [INFO] VehicleSoldUpdateService.updateVehicles:88 - url: https://listings.platform.autotrader.com.au/api/v3/listings/13603974
[2024-06-13 01:29:37] [INFO] VehicleSoldUpdateService.lambda$updateVehicleDeletedAt$1:136 - Vehicle 13603974 found in live site
[2024-06-13 01:29:37] [INFO] VehicleSoldUpdateService.updateVehicles:111 - Remaining 1835 of 2402 and batch 1 of 0
[2024-06-13 01:29:38] [INFO] VehicleSoldUpdateService.updateVehicles:88 - url: https://listings.platform.autotrader.com.au/api/v3/listings/13603977
[2024-06-13 01:29:39] [INFO] VehicleSoldUpdateService.lambda$updateVehicleDeletedAt$1:136 - Vehicle 13603977 found in live site
[2024-06-13 01:29:39] [INFO] VehicleSoldUpdateService.updateVehicles:111 - Remaining 1834 of 2402 and batch 1 of 0
[2024-06-13 01:29:40] [INFO] VehicleSoldUpdateService.updateVehicles:88 - url: https://listings.platform.autotrader.com.au/api/v3/listings/13760180
[2024-06-13 02:07:55] [WARN] HikariPool.run:804 - HikariPool-2 - Thread starvation or clock leap detected (housekeeper delta=1h27m4s498ms).
[2024-06-13 03:28:48] [WARN] HikariPool.run:804 - HikariPool-2 - Thread starvation or clock leap detected (housekeeper delta=1h20m53s13ms).
[2024-06-13 03:59:55] [WARN] HikariPool.run:804 - HikariPool-2 - Thread starvation or clock leap detected (housekeeper delta=31m6s710ms).
[2024-06-13 05:36:46] [WARN] HikariPool.run:804 - HikariPool-2 - Thread starvation or clock leap detected (housekeeper delta=1h36m51s546ms).
[2024-06-13 06:13:29] [WARN] HikariPool.run:804 - HikariPool-2 - Thread starvation or clock leap detected (housekeeper delta=36m43s209ms).
[2024-06-13 06:29:41] [WARN] HikariPool.run:804 - HikariPool-2 - Thread starvation or clock leap detected (housekeeper delta=16m11s494ms).
[2024-06-13 06:41:09] [WARN] HikariPool.run:804 - HikariPool-2 - Thread starvation or clock leap detected (housekeeper delta=11m28s387ms).
[2024-06-13 06:53:44] [WARN] HikariPool.run:804 - HikariPool-2 - Thread starvation or clock leap detected (housekeeper delta=12m35s133ms).
[2024-06-13 07:21:08] [WARN] HikariPool.run:804 - HikariPool-2 - Thread starvation or clock leap detected (housekeeper delta=27m23s465ms).
[2024-06-13 07:42:21] [WARN] HikariPool.run:804 - HikariPool-2 - Thread starvation or clock leap detected (housekeeper delta=21m13s85ms).
[2024-06-13 07:47:26] [WARN] HikariPool.run:804 - HikariPool-2 - Thread starvation or clock leap detected (housekeeper delta=5m5s664ms).
[2024-06-13 07:59:36] [WARN] HikariPool.run:804 - HikariPool-2 - Thread starvation or clock leap detected (housekeeper delta=12m9s382ms).
[2024-06-13 08:02:57] [WARN] HikariPool.run:804 - HikariPool-2 - Thread starvation or clock leap detected (housekeeper delta=3m21s546ms).
[2024-06-13 08:05:08] [WARN] HikariPool.run:804 - HikariPool-2 - Thread starvation or clock leap detected (housekeeper delta=2m10s223ms).
[2024-06-13 14:14:26] [INFO] LocalDevToolsAutoConfiguration$RestartingClassPathChangeChangedEventListener.onApplicationEvent:211 - Restarting due to 1 class path change (0 additions, 0 deletions, 1 modification)
[2024-06-13 14:14:56] [INFO] DefaultLifecycleProcessor.stop:497 - Shutdown phase 2147483647 ends with 1 bean still running after timeout of 30000ms: [taskScheduler]
[2024-06-13 14:14:56] [INFO] Http11NioProtocol.log:173 - Stopping ProtocolHandler ["http-nio-8081"]
[2024-06-13 14:14:57] [INFO] LocalContainerEntityManagerFactoryBean.destroy:650 - Closing JPA EntityManagerFactory for persistence unit 'default'
[2024-06-13 14:14:57] [INFO] HikariDataSource.close:350 - HikariPool-2 - Shutdown initiated...
[2024-06-13 14:14:57] [INFO] HikariDataSource.close:352 - HikariPool-2 - Shutdown completed.
[2024-06-13 14:14:58] [INFO] ScrapifyApplication.logStarting:50 - Starting ScrapifyApplication using Java 17.0.10 with PID 17784 (/Volumes/workspace/projects/carbarn/Scrapify/target/classes started by yasin in /Volumes/workspace/projects/carbarn/Scrapify)
[2024-06-13 14:14:58] [INFO] ScrapifyApplication.logStartupProfileInfo:660 - The following 1 profile is active: "dev"
[2024-06-13 14:14:59] [INFO] RepositoryConfigurationDelegate.registerRepositoriesIn:143 - Bootstrapping Spring Data JPA repositories in DEFAULT mode.
[2024-06-13 14:14:59] [INFO] RepositoryConfigurationDelegate.registerRepositoriesIn:211 - Finished Spring Data repository scanning in 12 ms. Found 4 JPA repository interfaces.
[2024-06-13 14:14:59] [INFO] TomcatWebServer.initialize:109 - Tomcat initialized with port 8081 (http)
[2024-06-13 14:14:59] [INFO] Http11NioProtocol.log:173 - Initializing ProtocolHandler ["http-nio-8081"]
[2024-06-13 14:14:59] [INFO] StandardService.log:173 - Starting service [Tomcat]
[2024-06-13 14:14:59] [INFO] StandardEngine.log:173 - Starting Servlet engine: [Apache Tomcat/10.1.20]
[2024-06-13 14:14:59] [INFO] [/].log:173 - Initializing Spring embedded WebApplicationContext
[2024-06-13 14:14:59] [INFO] ServletWebServerApplicationContext.prepareWebApplicationContext:296 - Root WebApplicationContext: initialization completed in 942 ms
[2024-06-13 14:14:59] [INFO] LogHelper.logPersistenceUnitInformation:31 - HHH000204: Processing PersistenceUnitInfo [name: default]
[2024-06-13 14:14:59] [INFO] RegionFactoryInitiator.initiateService:50 - HHH000026: Second-level cache disabled
[2024-06-13 14:14:59] [INFO] SpringPersistenceUnitInfo.addTransformer:87 - No LoadTimeWeaver setup: ignoring JPA class transformer
[2024-06-13 14:14:59] [INFO] HikariDataSource.getConnection:110 - HikariPool-3 - Starting...
[2024-06-13 14:15:00] [INFO] HikariPool.checkFailFast:565 - HikariPool-3 - Added connection com.mysql.cj.jdbc.ConnectionImpl@44f9647f
[2024-06-13 14:15:00] [INFO] HikariDataSource.getConnection:123 - HikariPool-3 - Start completed.
[2024-06-13 14:15:00] [INFO] JtaPlatformInitiator.initiateService:58 - HHH000489: No JTA platform available (set 'hibernate.transaction.jta.platform' to enable JTA platform integration)
[2024-06-13 14:15:00] [INFO] LocalContainerEntityManagerFactoryBean.buildNativeEntityManagerFactory:437 - Initialized JPA EntityManagerFactory for persistence unit 'default'
[2024-06-13 14:15:00] [WARN] JpaBaseConfiguration$JpaWebConfiguration.openEntityManagerInViewInterceptor:232 - spring.jpa.open-in-view is enabled by default. Therefore, database queries may be performed during view rendering. Explicitly configure spring.jpa.open-in-view to disable this warning
[2024-06-13 14:15:00] [WARN] OptionalLiveReloadServer.startServer:62 - Unable to start LiveReload server
[2024-06-13 14:15:00] [INFO] EndpointLinksResolver.<init>:58 - Exposing 1 endpoint(s) beneath base path '/actuator'
[2024-06-13 14:15:00] [INFO] Http11NioProtocol.log:173 - Starting ProtocolHandler ["http-nio-8081"]
[2024-06-13 14:15:00] [INFO] TomcatWebServer.start:241 - Tomcat started on port 8081 (http) with context path ''
[2024-06-13 14:15:00] [INFO] ScrapifyApplication.logStarted:56 - Started ScrapifyApplication in 2.15 seconds (process running for 70409.754)
[2024-06-13 14:15:00] [INFO] ConditionEvaluationDeltaLoggingListener.onApplicationEvent:63 - Condition evaluation unchanged
[2024-06-13 15:41:09] [WARN] HikariPool.run:804 - HikariPool-3 - Thread starvation or clock leap detected (housekeeper delta=16m9s154ms).
[2024-06-13 15:42:44] [WARN] HikariPool.run:804 - HikariPool-3 - Thread starvation or clock leap detected (housekeeper delta=1m34s835ms).
[2024-06-13 15:44:20] [WARN] HikariPool.run:804 - HikariPool-3 - Thread starvation or clock leap detected (housekeeper delta=1m36s234ms).
[2024-06-13 16:03:13] [WARN] HikariPool.run:804 - HikariPool-3 - Thread starvation or clock leap detected (housekeeper delta=18m53s61ms).
[2024-06-13 16:31:10] [WARN] HikariPool.run:804 - HikariPool-3 - Thread starvation or clock leap detected (housekeeper delta=27m56s310ms).
