[2024-05-26 00:07:10] [WARN] HikariPool.run:804 - HikariPool-5 - Thread starvation or clock leap detected (housekeeper delta=51m9s780ms).
[2024-05-26 00:59:37] [WARN] HikariPool.run:804 - HikariPool-5 - Thread starvation or clock leap detected (housekeeper delta=52m27s129ms).
[2024-05-26 01:00:39] [WARN] HikariPool.run:804 - HikariPool-5 - Thread starvation or clock leap detected (housekeeper delta=1m2s291ms).
[2024-05-26 01:02:46] [WARN] HikariPool.run:804 - HikariPool-5 - Thread starvation or clock leap detected (housekeeper delta=2m7s16ms).
[2024-05-26 01:29:40] [WARN] HikariPool.run:804 - HikariPool-5 - Thread starvation or clock leap detected (housekeeper delta=26m53s573ms).
[2024-05-26 01:49:19] [WARN] HikariPool.run:804 - HikariPool-5 - Thread starvation or clock leap detected (housekeeper delta=19m38s831ms).
[2024-05-26 02:28:39] [WARN] HikariPool.run:804 - HikariPool-5 - Thread starvation or clock leap detected (housekeeper delta=39m20s660ms).
[2024-05-26 03:01:51] [WARN] HikariPool.run:804 - HikariPool-5 - Thread starvation or clock leap detected (housekeeper delta=33m11s779ms).
[2024-05-26 04:00:35] [WARN] HikariPool.run:804 - HikariPool-5 - Thread starvation or clock leap detected (housekeeper delta=58m43s442ms).
[2024-05-26 05:24:36] [WARN] HikariPool.run:804 - HikariPool-5 - Thread starvation or clock leap detected (housekeeper delta=1h24m1s608ms).
[2024-05-26 06:30:58] [WARN] HikariPool.run:804 - HikariPool-5 - Thread starvation or clock leap detected (housekeeper delta=1h6m21s889ms).
[2024-05-26 07:13:31] [WARN] HikariPool.run:804 - HikariPool-5 - Thread starvation or clock leap detected (housekeeper delta=42m32s532ms).
[2024-05-26 07:57:26] [WARN] HikariPool.run:804 - HikariPool-5 - Thread starvation or clock leap detected (housekeeper delta=43m55s628ms).
[2024-05-26 08:31:50] [WARN] HikariPool.run:804 - HikariPool-5 - Thread starvation or clock leap detected (housekeeper delta=34m24s218ms).
[2024-05-26 09:08:11] [WARN] HikariPool.run:804 - HikariPool-5 - Thread starvation or clock leap detected (housekeeper delta=36m20s954ms).
[2024-05-26 09:57:30] [WARN] HikariPool.run:804 - HikariPool-5 - Thread starvation or clock leap detected (housekeeper delta=49m19s158ms).
[2024-05-26 10:01:21] [WARN] HikariPool.run:804 - HikariPool-5 - Thread starvation or clock leap detected (housekeeper delta=3m50s74ms).
[2024-05-26 10:17:31] [WARN] HikariPool.run:804 - HikariPool-5 - Thread starvation or clock leap detected (housekeeper delta=16m10s74ms).
[2024-05-26 10:31:05] [WARN] HikariPool.run:804 - HikariPool-5 - Thread starvation or clock leap detected (housekeeper delta=13m34s54ms).
[2024-05-26 10:52:55] [INFO] [/].log:173 - Initializing Spring DispatcherServlet 'dispatcherServlet'
[2024-05-26 10:52:55] [INFO] DispatcherServlet.initServletBean:532 - Initializing Servlet 'dispatcherServlet'
[2024-05-26 10:52:55] [INFO] DispatcherServlet.initServletBean:554 - Completed initialization in 60 ms
[2024-05-26 13:50:06] [WARN] HikariPool.run:804 - HikariPool-5 - Thread starvation or clock leap detected (housekeeper delta=2m28s592ms).
[2024-05-26 14:03:51] [WARN] HikariPool.run:804 - HikariPool-5 - Thread starvation or clock leap detected (housekeeper delta=1m44s671ms).
[2024-05-26 14:05:12] [WARN] HikariPool.run:804 - HikariPool-5 - Thread starvation or clock leap detected (housekeeper delta=1m21s48ms).
[2024-05-26 14:06:16] [WARN] HikariPool.run:804 - HikariPool-5 - Thread starvation or clock leap detected (housekeeper delta=1m3s938ms).
[2024-05-26 14:23:37] [WARN] HikariPool.run:804 - HikariPool-5 - Thread starvation or clock leap detected (housekeeper delta=17m20s599ms).
[2024-05-26 14:59:47] [WARN] HikariPool.run:804 - HikariPool-5 - Thread starvation or clock leap detected (housekeeper delta=36m10s220ms).
[2024-05-26 15:59:02] [WARN] HikariPool.run:804 - HikariPool-5 - Thread starvation or clock leap detected (housekeeper delta=59m15s211ms).
[2024-05-26 16:43:23] [WARN] HikariPool.run:804 - HikariPool-5 - Thread starvation or clock leap detected (housekeeper delta=44m21s270ms).
[2024-05-26 17:16:46] [WARN] HikariPool.run:804 - HikariPool-5 - Thread starvation or clock leap detected (housekeeper delta=33m22s543ms).
[2024-05-26 18:08:35] [WARN] HikariPool.run:804 - HikariPool-5 - Thread starvation or clock leap detected (housekeeper delta=4m9s848ms).
[2024-05-26 18:09:24] [WARN] HikariPool.run:804 - HikariPool-5 - Thread starvation or clock leap detected (housekeeper delta=49s267ms).
[2024-05-26 18:10:09] [WARN] HikariPool.run:804 - HikariPool-5 - Thread starvation or clock leap detected (housekeeper delta=45s371ms).
[2024-05-26 18:11:18] [WARN] HikariPool.run:804 - HikariPool-5 - Thread starvation or clock leap detected (housekeeper delta=1m8s573ms).
[2024-05-26 18:12:52] [WARN] HikariPool.run:804 - HikariPool-5 - Thread starvation or clock leap detected (housekeeper delta=1m34s316ms).
[2024-05-26 18:49:05] [WARN] HikariPool.run:804 - HikariPool-5 - Thread starvation or clock leap detected (housekeeper delta=36m12s856ms).
[2024-05-26 19:40:57] [WARN] HikariPool.run:804 - HikariPool-5 - Thread starvation or clock leap detected (housekeeper delta=51m51s742ms).
[2024-05-26 20:46:35] [WARN] HikariPool.run:804 - HikariPool-5 - Thread starvation or clock leap detected (housekeeper delta=28m7s733ms).
[2024-05-26 20:59:01] [WARN] HikariPool.run:804 - HikariPool-5 - Thread starvation or clock leap detected (housekeeper delta=8m25s434ms).
[2024-05-26 21:51:07] [WARN] HikariPool.run:804 - HikariPool-5 - Thread starvation or clock leap detected (housekeeper delta=52m6s99ms).
[2024-05-26 21:54:00] [WARN] HikariPool.run:804 - HikariPool-5 - Thread starvation or clock leap detected (housekeeper delta=2m52s943ms).
[2024-05-26 22:03:01] [WARN] HikariPool.run:804 - HikariPool-5 - Thread starvation or clock leap detected (housekeeper delta=8m1s283ms).
[2024-05-26 22:16:50] [WARN] HikariPool.run:804 - HikariPool-5 - Thread starvation or clock leap detected (housekeeper delta=13m49s344ms).
